[rosmaster.main][INFO] 2024-07-19 02:27:14,908: initialization complete, waiting for shutdown
[rosmaster.main][INFO] 2024-07-19 02:27:14,908: Starting ROS Master Node
[xmlrpc][INFO] 2024-07-19 02:27:14,910: XML-RPC server binding to 0.0.0.0:11311
[xmlrpc][INFO] 2024-07-19 02:27:14,911: Started XML-RPC server [http://ubuntu:11311/]
[rosmaster.master][INFO] 2024-07-19 02:27:14,911: Master initialized: port[11311], uri[http://ubuntu:11311/]
[xmlrpc][INFO] 2024-07-19 02:27:14,911: xml rpc node: starting XML-RPC server
[rosmaster.master][INFO] 2024-07-19 02:27:15,020: +PARAM [/run_id] by /roslaunch
[rosmaster.master][INFO] 2024-07-19 02:27:15,022: +PARAM [/roslaunch/uris/host_ubuntu__42719] by /roslaunch
[rosmaster.master][INFO] 2024-07-19 02:27:15,103: +PARAM [/rosversion] by /roslaunch
[rosmaster.master][INFO] 2024-07-19 02:27:15,104: +PARAM [/rosdistro] by /roslaunch
[rosmaster.master][INFO] 2024-07-19 02:27:15,127: +SERVICE [/rosout/get_loggers] /rosout http://ubuntu:39929/
[rosmaster.master][INFO] 2024-07-19 02:27:15,128: +SERVICE [/rosout/set_logger_level] /rosout http://ubuntu:39929/
[rosmaster.master][INFO] 2024-07-19 02:27:15,129: +PUB [/rosout_agg] /rosout http://ubuntu:39929/
[rosmaster.master][INFO] 2024-07-19 02:27:15,132: +SUB [/rosout] /rosout http://ubuntu:39929/
[rosmaster.master][INFO] 2024-07-19 02:28:03,778: +PUB [/rosout] /messagepublisher_37915_1721381283616 http://ubuntu:38195/
[rosmaster.master][INFO] 2024-07-19 02:28:03,783: +SERVICE [/messagepublisher_37915_1721381283616/get_loggers] /messagepublisher_37915_1721381283616 http://ubuntu:38195/
[rosmaster.master][INFO] 2024-07-19 02:28:03,785: +SERVICE [/messagepublisher_37915_1721381283616/set_logger_level] /messagepublisher_37915_1721381283616 http://ubuntu:38195/
[rosmaster.master][INFO] 2024-07-19 02:28:03,787: +PUB [/information] /messagepublisher_37915_1721381283616 http://ubuntu:38195/
[rosmaster.master][INFO] 2024-07-19 02:28:03,792: +CACHEDPARAM [/rosout_disable_topics_generation] by /messagepublisher_37915_1721381283616
[rosmaster.master][INFO] 2024-07-19 02:28:03,792: publisherUpdate[/rosout] -> http://ubuntu:39929/ ['http://ubuntu:38195/']
[rosmaster.master][INFO] 2024-07-19 02:28:03,799: publisherUpdate[/rosout] -> http://ubuntu:39929/ ['http://ubuntu:38195/']: sec=0.01, result=[1, '', 0]
[rosmaster.master][INFO] 2024-07-19 02:28:04,010: +CACHEDPARAM [/rosout/omit_topics] by /rosout
[rosmaster.master][INFO] 2024-07-19 02:28:04,793: +CACHEDPARAM [/rosout_disable_topics_generation] by /messagepublisher_37915_1721381283616
[rosmaster.master][INFO] 2024-07-19 02:28:05,794: +CACHEDPARAM [/rosout_disable_topics_generation] by /messagepublisher_37915_1721381283616
[rosmaster.master][INFO] 2024-07-19 02:28:06,794: +CACHEDPARAM [/rosout_disable_topics_generation] by /messagepublisher_37915_1721381283616
[rosmaster.master][INFO] 2024-07-19 02:28:07,794: +CACHEDPARAM [/rosout_disable_topics_generation] by /messagepublisher_37915_1721381283616
[rosmaster.master][INFO] 2024-07-19 02:28:08,793: +CACHEDPARAM [/rosout_disable_topics_generation] by /messagepublisher_37915_1721381283616
[rosmaster.master][INFO] 2024-07-19 02:28:09,793: +CACHEDPARAM [/rosout_disable_topics_generation] by /messagepublisher_37915_1721381283616
[rosmaster.master][INFO] 2024-07-19 02:28:10,793: +CACHEDPARAM [/rosout_disable_topics_generation] by /messagepublisher_37915_1721381283616
[rosmaster.master][INFO] 2024-07-19 02:28:11,794: +CACHEDPARAM [/rosout_disable_topics_generation] by /messagepublisher_37915_1721381283616
[rosmaster.master][INFO] 2024-07-19 02:28:12,891: +CACHEDPARAM [/rosout_disable_topics_generation] by /messagepublisher_37915_1721381283616
[rosmaster.master][INFO] 2024-07-19 02:28:13,796: +CACHEDPARAM [/rosout_disable_topics_generation] by /messagepublisher_37915_1721381283616
[rosmaster.master][INFO] 2024-07-19 02:28:14,794: +CACHEDPARAM [/rosout_disable_topics_generation] by /messagepublisher_37915_1721381283616
[rosmaster.master][INFO] 2024-07-19 02:28:15,795: +CACHEDPARAM [/rosout_disable_topics_generation] by /messagepublisher_37915_1721381283616
[rosmaster.master][INFO] 2024-07-19 02:28:16,794: +CACHEDPARAM [/rosout_disable_topics_generation] by /messagepublisher_37915_1721381283616
[rosmaster.master][INFO] 2024-07-19 02:28:17,793: +CACHEDPARAM [/rosout_disable_topics_generation] by /messagepublisher_37915_1721381283616
[rosmaster.master][INFO] 2024-07-19 02:28:18,795: +CACHEDPARAM [/rosout_disable_topics_generation] by /messagepublisher_37915_1721381283616
[rosmaster.master][INFO] 2024-07-19 02:28:19,796: +CACHEDPARAM [/rosout_disable_topics_generation] by /messagepublisher_37915_1721381283616
[rosmaster.master][INFO] 2024-07-19 02:28:20,794: +CACHEDPARAM [/rosout_disable_topics_generation] by /messagepublisher_37915_1721381283616
[rosmaster.master][INFO] 2024-07-19 02:28:21,795: +CACHEDPARAM [/rosout_disable_topics_generation] by /messagepublisher_37915_1721381283616
[rosmaster.master][INFO] 2024-07-19 02:28:22,797: +CACHEDPARAM [/rosout_disable_topics_generation] by /messagepublisher_37915_1721381283616
[rosmaster.master][INFO] 2024-07-19 02:28:23,793: +CACHEDPARAM [/rosout_disable_topics_generation] by /messagepublisher_37915_1721381283616
[rosmaster.master][INFO] 2024-07-19 02:28:24,793: +CACHEDPARAM [/rosout_disable_topics_generation] by /messagepublisher_37915_1721381283616
[rosmaster.master][INFO] 2024-07-19 02:28:25,796: +CACHEDPARAM [/rosout_disable_topics_generation] by /messagepublisher_37915_1721381283616
[rosmaster.master][INFO] 2024-07-19 02:28:26,794: +CACHEDPARAM [/rosout_disable_topics_generation] by /messagepublisher_37915_1721381283616
[rosmaster.master][INFO] 2024-07-19 02:28:27,795: +CACHEDPARAM [/rosout_disable_topics_generation] by /messagepublisher_37915_1721381283616
[rosmaster.master][INFO] 2024-07-19 02:28:28,794: +CACHEDPARAM [/rosout_disable_topics_generation] by /messagepublisher_37915_1721381283616
[rosmaster.master][INFO] 2024-07-19 02:28:29,795: +CACHEDPARAM [/rosout_disable_topics_generation] by /messagepublisher_37915_1721381283616
[rosmaster.master][INFO] 2024-07-19 02:28:30,793: +CACHEDPARAM [/rosout_disable_topics_generation] by /messagepublisher_37915_1721381283616
[rosmaster.master][INFO] 2024-07-19 02:28:31,796: +CACHEDPARAM [/rosout_disable_topics_generation] by /messagepublisher_37915_1721381283616
[rosmaster.master][INFO] 2024-07-19 02:28:32,796: +CACHEDPARAM [/rosout_disable_topics_generation] by /messagepublisher_37915_1721381283616
[rosmaster.master][INFO] 2024-07-19 02:28:33,794: +CACHEDPARAM [/rosout_disable_topics_generation] by /messagepublisher_37915_1721381283616
[rosmaster.master][INFO] 2024-07-19 02:28:34,794: +CACHEDPARAM [/rosout_disable_topics_generation] by /messagepublisher_37915_1721381283616
[rosmaster.master][INFO] 2024-07-19 02:28:35,793: +CACHEDPARAM [/rosout_disable_topics_generation] by /messagepublisher_37915_1721381283616
[rosmaster.master][INFO] 2024-07-19 02:28:36,793: +CACHEDPARAM [/rosout_disable_topics_generation] by /messagepublisher_37915_1721381283616
[rosmaster.master][INFO] 2024-07-19 02:28:37,179: +PUB [/rosout] /messagesubscriber http://ubuntu:33015/
[rosmaster.master][INFO] 2024-07-19 02:28:37,185: +SERVICE [/messagesubscriber/get_loggers] /messagesubscriber http://ubuntu:33015/
[rosmaster.master][INFO] 2024-07-19 02:28:37,187: +SERVICE [/messagesubscriber/set_logger_level] /messagesubscriber http://ubuntu:33015/
[rosmaster.master][INFO] 2024-07-19 02:28:37,190: +SUB [/information] /messagesubscriber http://ubuntu:33015/
[rosmaster.master][INFO] 2024-07-19 02:28:37,233: publisherUpdate[/rosout] -> http://ubuntu:39929/ ['http://ubuntu:38195/', 'http://ubuntu:33015/']
[rosmaster.master][INFO] 2024-07-19 02:28:37,236: publisherUpdate[/rosout] -> http://ubuntu:39929/ ['http://ubuntu:38195/', 'http://ubuntu:33015/']: sec=0.00, result=[1, '', 0]
[rosmaster.master][INFO] 2024-07-19 02:28:37,796: +CACHEDPARAM [/rosout_disable_topics_generation] by /messagepublisher_37915_1721381283616
[rosmaster.master][INFO] 2024-07-19 02:28:38,794: +CACHEDPARAM [/rosout_disable_topics_generation] by /messagepublisher_37915_1721381283616
[rosmaster.master][INFO] 2024-07-19 02:28:39,795: +CACHEDPARAM [/rosout_disable_topics_generation] by /messagepublisher_37915_1721381283616
[rosmaster.master][INFO] 2024-07-19 02:28:40,795: +CACHEDPARAM [/rosout_disable_topics_generation] by /messagepublisher_37915_1721381283616
[rosmaster.master][INFO] 2024-07-19 02:28:41,796: +CACHEDPARAM [/rosout_disable_topics_generation] by /messagepublisher_37915_1721381283616
[rosmaster.master][INFO] 2024-07-19 02:28:42,798: +CACHEDPARAM [/rosout_disable_topics_generation] by /messagepublisher_37915_1721381283616
[rosmaster.master][INFO] 2024-07-19 02:28:43,793: +CACHEDPARAM [/rosout_disable_topics_generation] by /messagepublisher_37915_1721381283616
[rosmaster.master][INFO] 2024-07-19 02:28:44,794: +CACHEDPARAM [/rosout_disable_topics_generation] by /messagepublisher_37915_1721381283616
[rosmaster.master][INFO] 2024-07-19 02:28:45,794: +CACHEDPARAM [/rosout_disable_topics_generation] by /messagepublisher_37915_1721381283616
[rosmaster.master][INFO] 2024-07-19 02:28:46,801: +CACHEDPARAM [/rosout_disable_topics_generation] by /messagepublisher_37915_1721381283616
[rosmaster.master][INFO] 2024-07-19 02:28:47,795: +CACHEDPARAM [/rosout_disable_topics_generation] by /messagepublisher_37915_1721381283616
[rosmaster.master][INFO] 2024-07-19 02:28:48,795: +CACHEDPARAM [/rosout_disable_topics_generation] by /messagepublisher_37915_1721381283616
[rosmaster.master][INFO] 2024-07-19 02:28:49,794: +CACHEDPARAM [/rosout_disable_topics_generation] by /messagepublisher_37915_1721381283616
[rosmaster.master][INFO] 2024-07-19 02:28:50,795: +CACHEDPARAM [/rosout_disable_topics_generation] by /messagepublisher_37915_1721381283616
[rosmaster.master][INFO] 2024-07-19 02:28:51,794: +CACHEDPARAM [/rosout_disable_topics_generation] by /messagepublisher_37915_1721381283616
[rosmaster.master][INFO] 2024-07-19 02:28:52,795: +CACHEDPARAM [/rosout_disable_topics_generation] by /messagepublisher_37915_1721381283616
[rosmaster.master][INFO] 2024-07-19 02:28:53,795: +CACHEDPARAM [/rosout_disable_topics_generation] by /messagepublisher_37915_1721381283616
[rosmaster.master][INFO] 2024-07-19 02:28:54,795: +CACHEDPARAM [/rosout_disable_topics_generation] by /messagepublisher_37915_1721381283616
[rosmaster.master][INFO] 2024-07-19 02:28:55,803: +CACHEDPARAM [/rosout_disable_topics_generation] by /messagepublisher_37915_1721381283616
[rosmaster.master][INFO] 2024-07-19 02:28:56,794: +CACHEDPARAM [/rosout_disable_topics_generation] by /messagepublisher_37915_1721381283616
[rosmaster.master][INFO] 2024-07-19 02:28:57,794: +CACHEDPARAM [/rosout_disable_topics_generation] by /messagepublisher_37915_1721381283616
[rosmaster.master][INFO] 2024-07-19 02:28:58,793: +CACHEDPARAM [/rosout_disable_topics_generation] by /messagepublisher_37915_1721381283616
[rosmaster.master][INFO] 2024-07-19 02:28:59,794: +CACHEDPARAM [/rosout_disable_topics_generation] by /messagepublisher_37915_1721381283616
[rosmaster.master][INFO] 2024-07-19 02:29:00,794: +CACHEDPARAM [/rosout_disable_topics_generation] by /messagepublisher_37915_1721381283616
[rosmaster.master][INFO] 2024-07-19 02:29:01,795: +CACHEDPARAM [/rosout_disable_topics_generation] by /messagepublisher_37915_1721381283616
[rosmaster.master][INFO] 2024-07-19 02:29:02,795: +CACHEDPARAM [/rosout_disable_topics_generation] by /messagepublisher_37915_1721381283616
[rosmaster.master][INFO] 2024-07-19 02:29:03,795: +CACHEDPARAM [/rosout_disable_topics_generation] by /messagepublisher_37915_1721381283616
[rosmaster.master][INFO] 2024-07-19 02:29:04,794: +CACHEDPARAM [/rosout_disable_topics_generation] by /messagepublisher_37915_1721381283616
[rosmaster.master][INFO] 2024-07-19 02:29:05,794: +CACHEDPARAM [/rosout_disable_topics_generation] by /messagepublisher_37915_1721381283616
[rosmaster.master][INFO] 2024-07-19 02:29:06,793: +CACHEDPARAM [/rosout_disable_topics_generation] by /messagepublisher_37915_1721381283616
[rosmaster.master][INFO] 2024-07-19 02:29:07,794: +CACHEDPARAM [/rosout_disable_topics_generation] by /messagepublisher_37915_1721381283616
[rosmaster.master][INFO] 2024-07-19 02:29:08,795: +CACHEDPARAM [/rosout_disable_topics_generation] by /messagepublisher_37915_1721381283616
[rosmaster.master][INFO] 2024-07-19 02:29:09,793: +CACHEDPARAM [/rosout_disable_topics_generation] by /messagepublisher_37915_1721381283616
[rosmaster.master][INFO] 2024-07-19 02:29:10,793: +CACHEDPARAM [/rosout_disable_topics_generation] by /messagepublisher_37915_1721381283616
[rosmaster.master][INFO] 2024-07-19 02:29:11,793: +CACHEDPARAM [/rosout_disable_topics_generation] by /messagepublisher_37915_1721381283616
[rosmaster.master][INFO] 2024-07-19 02:29:12,793: +CACHEDPARAM [/rosout_disable_topics_generation] by /messagepublisher_37915_1721381283616
[rosmaster.master][INFO] 2024-07-19 02:29:13,793: +CACHEDPARAM [/rosout_disable_topics_generation] by /messagepublisher_37915_1721381283616
[rosmaster.master][INFO] 2024-07-19 02:29:14,792: +CACHEDPARAM [/rosout_disable_topics_generation] by /messagepublisher_37915_1721381283616
[rosmaster.master][INFO] 2024-07-19 02:29:15,793: +CACHEDPARAM [/rosout_disable_topics_generation] by /messagepublisher_37915_1721381283616
[rosmaster.master][INFO] 2024-07-19 02:29:16,793: +CACHEDPARAM [/rosout_disable_topics_generation] by /messagepublisher_37915_1721381283616
[rosmaster.master][INFO] 2024-07-19 02:29:17,795: +CACHEDPARAM [/rosout_disable_topics_generation] by /messagepublisher_37915_1721381283616
[rosmaster.master][INFO] 2024-07-19 02:29:18,793: +CACHEDPARAM [/rosout_disable_topics_generation] by /messagepublisher_37915_1721381283616
[rosmaster.master][INFO] 2024-07-19 02:29:19,798: +CACHEDPARAM [/rosout_disable_topics_generation] by /messagepublisher_37915_1721381283616
[rosmaster.master][INFO] 2024-07-19 02:29:20,796: +CACHEDPARAM [/rosout_disable_topics_generation] by /messagepublisher_37915_1721381283616
[rosmaster.master][INFO] 2024-07-19 02:29:21,793: +CACHEDPARAM [/rosout_disable_topics_generation] by /messagepublisher_37915_1721381283616
[rosmaster.master][INFO] 2024-07-19 02:29:22,792: +CACHEDPARAM [/rosout_disable_topics_generation] by /messagepublisher_37915_1721381283616
[rosmaster.master][INFO] 2024-07-19 02:29:23,904: +CACHEDPARAM [/rosout_disable_topics_generation] by /messagepublisher_37915_1721381283616
[rosmaster.master][INFO] 2024-07-19 02:29:24,793: +CACHEDPARAM [/rosout_disable_topics_generation] by /messagepublisher_37915_1721381283616
[rosmaster.master][INFO] 2024-07-19 02:29:25,793: +CACHEDPARAM [/rosout_disable_topics_generation] by /messagepublisher_37915_1721381283616
[rosmaster.master][INFO] 2024-07-19 02:29:26,795: +CACHEDPARAM [/rosout_disable_topics_generation] by /messagepublisher_37915_1721381283616
[rosmaster.master][INFO] 2024-07-19 02:29:27,792: +CACHEDPARAM [/rosout_disable_topics_generation] by /messagepublisher_37915_1721381283616
[rosmaster.master][INFO] 2024-07-19 02:29:28,792: +CACHEDPARAM [/rosout_disable_topics_generation] by /messagepublisher_37915_1721381283616
[rosmaster.master][INFO] 2024-07-19 02:29:29,794: +CACHEDPARAM [/rosout_disable_topics_generation] by /messagepublisher_37915_1721381283616
[rosmaster.master][INFO] 2024-07-19 02:29:29,824: -PUB [/rosout_agg] /rosout http://ubuntu:39929/
[rosmaster.master][INFO] 2024-07-19 02:29:29,825: -SUB [/rosout] /rosout http://ubuntu:39929/
[rosmaster.master][INFO] 2024-07-19 02:29:29,825: -SERVICE [/rosout/get_loggers] /rosout rosrpc://ubuntu:49931
[rosmaster.master][INFO] 2024-07-19 02:29:29,826: -SERVICE [/rosout/set_logger_level] /rosout rosrpc://ubuntu:49931
[rosmaster.master][INFO] 2024-07-19 02:29:29,827: -CACHEDPARAM [/rosout/omit_topics] by /rosout
[rosmaster.main][INFO] 2024-07-19 02:29:29,839: keyboard interrupt, will exit
[rosmaster.main][INFO] 2024-07-19 02:29:29,839: stopping master...
[rospy.core][INFO] 2024-07-19 02:29:29,839: signal_shutdown [atexit]
