[   149.247] (--) Log file renamed from "/home/bd/.local/share/xorg/Xorg.pid-3553.log" to "/home/bd/.local/share/xorg/Xorg.0.log"
[   149.250] 
X.Org X Server 1.20.13
X Protocol Version 11, Revision 0
[   149.250] Build Operating System: linux Ubuntu
[   149.250] Current Operating System: Linux ubuntu 5.15.0-113-generic #123~20.04.1-Ubuntu SMP Wed Jun 12 17:33:13 UTC 2024 x86_64
[   149.250] Kernel command line: BOOT_IMAGE=/boot/vmlinuz-5.15.0-113-generic root=UUID=b3bc5cdc-3f55-4c2c-90af-8233803ddda6 ro find_preseed=/preseed.cfg auto noprompt priority=critical locale=en_US quiet
[   149.250] Build Date: 07 February 2023  12:48:13PM
[   149.250] xorg-server 2:1.20.13-1ubuntu1~20.04.6 (For technical support please see http://www.ubuntu.com/support) 
[   149.250] Current version of pixman: 0.38.4
[   149.250] 	Before reporting problems, check http://wiki.x.org
	to make sure that you have the latest version.
[   149.250] Markers: (--) probed, (**) from config file, (==) default setting,
	(++) from command line, (!!) notice, (II) informational,
	(WW) warning, (EE) error, (NI) not implemented, (??) unknown.
[   149.257] (==) Log file: "/home/bd/.local/share/xorg/Xorg.0.log", Time: Thu Jul 18 14:09:11 2024
[   149.259] (==) Using system config directory "/usr/share/X11/xorg.conf.d"
[   149.264] (==) No Layout section.  Using the first Screen section.
[   149.264] (==) No screen section available. Using defaults.
[   149.264] (**) |-->Screen "Default Screen Section" (0)
[   149.264] (**) |   |-->Monitor "<default monitor>"
[   149.267] (==) No monitor specified for screen "Default Screen Section".
	Using a default monitor configuration.
[   149.267] (==) Automatically adding devices
[   149.267] (==) Automatically enabling devices
[   149.267] (==) Automatically adding GPU devices
[   149.267] (==) Automatically binding GPU devices
[   149.267] (==) Max clients allowed: 256, resource mask: 0x1fffff
[   149.267] (WW) The directory "/usr/share/fonts/X11/cyrillic" does not exist.
[   149.267] 	Entry deleted from font path.
[   149.267] (WW) The directory "/usr/share/fonts/X11/100dpi/" does not exist.
[   149.267] 	Entry deleted from font path.
[   149.267] (WW) The directory "/usr/share/fonts/X11/75dpi/" does not exist.
[   149.267] 	Entry deleted from font path.
[   149.267] (WW) The directory "/usr/share/fonts/X11/100dpi" does not exist.
[   149.267] 	Entry deleted from font path.
[   149.267] (WW) The directory "/usr/share/fonts/X11/75dpi" does not exist.
[   149.267] 	Entry deleted from font path.
[   149.267] (==) FontPath set to:
	/usr/share/fonts/X11/misc,
	/usr/share/fonts/X11/Type1,
	built-ins
[   149.267] (==) ModulePath set to "/usr/lib/xorg/modules"
[   149.267] (II) The server relies on udev to provide the list of input devices.
	If no devices become available, reconfigure udev or disable AutoAddDevices.
[   149.267] (II) Loader magic: 0x55b2bf18a020
[   149.267] (II) Module ABI versions:
[   149.267] 	X.Org ANSI C Emulation: 0.4
[   149.267] 	X.Org Video Driver: 24.1
[   149.267] 	X.Org XInput driver : 24.1
[   149.267] 	X.Org Server Extension : 10.0
[   149.270] (++) using VT number 2

[   149.274] (II) systemd-logind: took control of session /org/freedesktop/login1/session/_32
[   149.277] (II) xfree86: Adding drm device (/dev/dri/card0)
[   149.296] (II) systemd-logind: got fd for /dev/dri/card0 226:0 fd 12 paused 0
[   149.321] (--) PCI:*(0@0:15:0) 15ad:0405:15ad:0405 rev 0, Mem @ 0xe8000000/134217728, 0xfe000000/8388608, I/O @ 0x00001070/16, BIOS @ 0x????????/131072
[   149.321] (II) LoadModule: "glx"
[   149.325] (II) Loading /usr/lib/xorg/modules/extensions/libglx.so
[   149.336] (II) Module glx: vendor="X.Org Foundation"
[   149.336] 	compiled for 1.20.13, module version = 1.0.0
[   149.336] 	ABI class: X.Org Server Extension, version 10.0
[   149.336] (==) Matched vmware as autoconfigured driver 0
[   149.336] (==) Matched modesetting as autoconfigured driver 1
[   149.336] (==) Matched fbdev as autoconfigured driver 2
[   149.336] (==) Matched vesa as autoconfigured driver 3
[   149.336] (==) Assigned the driver to the xf86ConfigLayout
[   149.336] (II) LoadModule: "vmware"
[   149.338] (II) Loading /usr/lib/xorg/modules/drivers/vmware_drv.so
[   149.549] (II) Module vmware: vendor="X.Org Foundation"
[   149.549] 	compiled for 1.20.8, module version = 13.3.0
[   149.549] 	Module class: X.Org Video Driver
[   149.549] 	ABI class: X.Org Video Driver, version 24.1
[   149.549] (II) LoadModule: "modesetting"
[   149.549] (II) Loading /usr/lib/xorg/modules/drivers/modesetting_drv.so
[   149.552] (II) Module modesetting: vendor="X.Org Foundation"
[   149.552] 	compiled for 1.20.13, module version = 1.20.13
[   149.552] 	Module class: X.Org Video Driver
[   149.552] 	ABI class: X.Org Video Driver, version 24.1
[   149.552] (II) LoadModule: "fbdev"
[   149.552] (II) Loading /usr/lib/xorg/modules/drivers/fbdev_drv.so
[   149.554] (II) Module fbdev: vendor="X.Org Foundation"
[   149.554] 	compiled for 1.20.1, module version = 0.5.0
[   149.554] 	Module class: X.Org Video Driver
[   149.554] 	ABI class: X.Org Video Driver, version 24.0
[   149.554] (II) LoadModule: "vesa"
[   149.554] (II) Loading /usr/lib/xorg/modules/drivers/vesa_drv.so
[   149.555] (II) Module vesa: vendor="X.Org Foundation"
[   149.555] 	compiled for 1.20.4, module version = 2.4.0
[   149.555] 	Module class: X.Org Video Driver
[   149.555] 	ABI class: X.Org Video Driver, version 24.0
[   149.556] (II) vmware: driver for VMware SVGA: vmware0405, vmware0710
[   149.556] (II) modesetting: Driver for Modesetting Kernel Drivers: kms
[   149.556] (II) FBDEV: driver for framebuffer: fbdev
[   149.556] (II) VESA: driver for VESA chipsets: vesa
[   149.556] xf86EnableIOPorts: failed to set IOPL for I/O (Operation not permitted)
[   149.556] (WW) Falling back to old probe method for modesetting
[   149.556] (WW) Falling back to old probe method for fbdev
[   149.556] (II) Loading sub module "fbdevhw"
[   149.556] (II) LoadModule: "fbdevhw"
[   149.556] (II) Loading /usr/lib/xorg/modules/libfbdevhw.so
[   149.558] (II) Module fbdevhw: vendor="X.Org Foundation"
[   149.558] 	compiled for 1.20.13, module version = 0.0.2
[   149.558] 	ABI class: X.Org Video Driver, version 24.1
[   149.558] (EE) open /dev/fb0: Permission denied
[   149.558] (WW) VGA arbiter: cannot open kernel arbiter, no multi-card support
[   149.558] (II) vmware(0): Creating default Display subsection in Screen section
	"Default Screen Section" for depth/fbbpp 24/32
[   149.558] (--) vmware(0): DRM driver version is 2.19.0
[   149.558] (==) vmware(0): Depth 24, (--) framebuffer bpp 32
[   149.558] (==) vmware(0): RGB weight 888
[   149.558] (==) vmware(0): Default visual is TrueColor
[   149.558] (--) vmware(0): Min width 1, Max Width 16384.
[   149.558] (--) vmware(0): Min height 1, Max Height 16384.
[   149.559] (II) vmware(0): Output Virtual1 has no monitor section
[   149.559] (II) vmware(0): Output Virtual2 has no monitor section
[   149.559] (II) vmware(0): Output Virtual3 has no monitor section
[   149.559] (II) vmware(0): Output Virtual4 has no monitor section
[   149.559] (II) vmware(0): Output Virtual5 has no monitor section
[   149.559] (II) vmware(0): Output Virtual6 has no monitor section
[   149.559] (II) vmware(0): Output Virtual7 has no monitor section
[   149.559] (II) vmware(0): Output Virtual8 has no monitor section
[   149.559] (II) vmware(0): Printing probed modes for output Virtual1
[   149.559] (II) vmware(0): Modeline "2878x1481"x60.0  296.32  2878 2928 2978 3028  1481 1531 1581 1631 -hsync +vsync (97.9 kHz eP)
[   149.559] (II) vmware(0): Modeline "3840x2400"x60.0  592.25  3840 3888 3920 4000  2400 2403 2409 2469 +hsync -vsync (148.1 kHz e)
[   149.559] (II) vmware(0): Modeline "3840x2160"x60.0  533.00  3840 3888 3920 4000  2160 2163 2168 2222 +hsync -vsync (133.2 kHz e)
[   149.559] (II) vmware(0): Modeline "2880x1800"x59.9  337.50  2880 2928 2960 3040  1800 1803 1809 1852 +hsync -vsync (111.0 kHz e)
[   149.559] (II) vmware(0): Modeline "2560x1600"x60.0  348.50  2560 2752 3032 3504  1600 1603 1609 1658 -hsync +vsync (99.5 kHz e)
[   149.559] (II) vmware(0): Modeline "2560x1440"x60.0  241.50  2560 2608 2640 2720  1440 1443 1448 1481 +hsync -vsync (88.8 kHz e)
[   149.559] (II) vmware(0): Modeline "1920x1440"x60.0  234.00  1920 2048 2256 2600  1440 1441 1444 1500 -hsync +vsync (90.0 kHz e)
[   149.559] (II) vmware(0): Modeline "1856x1392"x60.0  218.25  1856 1952 2176 2528  1392 1393 1396 1439 -hsync +vsync (86.3 kHz e)
[   149.559] (II) vmware(0): Modeline "1792x1344"x60.0  204.75  1792 1920 2120 2448  1344 1345 1348 1394 -hsync +vsync (83.6 kHz e)
[   149.559] (II) vmware(0): Modeline "1920x1200"x59.9  193.25  1920 2056 2256 2592  1200 1203 1209 1245 -hsync +vsync (74.6 kHz e)
[   149.559] (II) vmware(0): Modeline "1920x1080"x60.0  173.00  1920 2048 2248 2576  1080 1083 1088 1120 -hsync +vsync (67.2 kHz e)
[   149.559] (II) vmware(0): Modeline "1600x1200"x60.0  162.00  1600 1664 1856 2160  1200 1201 1204 1250 +hsync +vsync (75.0 kHz e)
[   149.559] (II) vmware(0): Modeline "1680x1050"x60.0  146.25  1680 1784 1960 2240  1050 1053 1059 1089 -hsync +vsync (65.3 kHz e)
[   149.559] (II) vmware(0): Modeline "1400x1050"x60.0  121.75  1400 1488 1632 1864  1050 1053 1057 1089 -hsync +vsync (65.3 kHz e)
[   149.559] (II) vmware(0): Modeline "1280x1024"x60.0  108.00  1280 1328 1440 1688  1024 1025 1028 1066 +hsync +vsync (64.0 kHz e)
[   149.559] (II) vmware(0): Modeline "1440x900"x59.9  106.50  1440 1520 1672 1904  900 903 909 934 -hsync +vsync (55.9 kHz e)
[   149.559] (II) vmware(0): Modeline "1280x960"x60.0  108.00  1280 1376 1488 1800  960 961 964 1000 +hsync +vsync (60.0 kHz e)
[   149.559] (II) vmware(0): Modeline "1360x768"x60.0   85.50  1360 1424 1536 1792  768 771 777 795 +hsync +vsync (47.7 kHz e)
[   149.559] (II) vmware(0): Modeline "1280x800"x59.8   83.50  1280 1352 1480 1680  800 803 809 831 +hsync -vsync (49.7 kHz e)
[   149.559] (II) vmware(0): Modeline "1152x864"x75.0  108.00  1152 1216 1344 1600  864 865 868 900 +hsync +vsync (67.5 kHz e)
[   149.559] (II) vmware(0): Modeline "1280x768"x59.9   79.50  1280 1344 1472 1664  768 771 778 798 -hsync +vsync (47.8 kHz e)
[   149.559] (II) vmware(0): Modeline "1280x720"x59.9   74.50  1280 1344 1472 1664  720 723 728 748 -hsync +vsync (44.8 kHz e)
[   149.559] (II) vmware(0): Modeline "1024x768"x60.0   65.00  1024 1048 1184 1344  768 771 777 806 -hsync -vsync (48.4 kHz e)
[   149.559] (II) vmware(0): Modeline "800x600"x60.3   40.00  800 840 968 1056  600 601 605 628 +hsync +vsync (37.9 kHz e)
[   149.559] (II) vmware(0): Modeline "640x480"x59.9   25.18  640 656 752 800  480 489 492 525 -hsync -vsync (31.5 kHz e)
[   149.559] (II) vmware(0): EDID for output Virtual2
[   149.559] (II) vmware(0): EDID for output Virtual3
[   149.559] (II) vmware(0): EDID for output Virtual4
[   149.559] (II) vmware(0): EDID for output Virtual5
[   149.559] (II) vmware(0): EDID for output Virtual6
[   149.559] (II) vmware(0): EDID for output Virtual7
[   149.559] (II) vmware(0): EDID for output Virtual8
[   149.559] (II) vmware(0): Output Virtual1 connected
[   149.559] (II) vmware(0): Output Virtual2 disconnected
[   149.559] (II) vmware(0): Output Virtual3 disconnected
[   149.559] (II) vmware(0): Output Virtual4 disconnected
[   149.559] (II) vmware(0): Output Virtual5 disconnected
[   149.559] (II) vmware(0): Output Virtual6 disconnected
[   149.559] (II) vmware(0): Output Virtual7 disconnected
[   149.559] (II) vmware(0): Output Virtual8 disconnected
[   149.559] (II) vmware(0): Using exact sizes for initial modes
[   149.559] (II) vmware(0): Output Virtual1 using initial mode 2878x1481 +0+0
[   149.559] (==) vmware(0): DPI set to (96, 96)
[   149.559] (==) vmware(0): Using gamma correction (1.0, 1.0, 1.0)
[   149.559] (II) Loading sub module "fb"
[   149.559] (II) LoadModule: "fb"
[   149.560] (II) Loading /usr/lib/xorg/modules/libfb.so
[   149.562] (II) Module fb: vendor="X.Org Foundation"
[   149.562] 	compiled for 1.20.13, module version = 1.0.0
[   149.562] 	ABI class: X.Org ANSI C Emulation, version 0.4
[   149.562] (II) Loading sub module "dri2"
[   149.562] (II) LoadModule: "dri2"
[   149.562] (II) Module "dri2" already built-in
[   149.562] (II) Loading sub module "dri3"
[   149.562] (II) LoadModule: "dri3"
[   149.562] (II) Module "dri3" already built-in
[   149.562] (II) UnloadModule: "modesetting"
[   149.562] (II) Unloading modesetting
[   149.562] (II) UnloadModule: "fbdev"
[   149.562] (II) Unloading fbdev
[   149.562] (II) UnloadSubModule: "fbdevhw"
[   149.562] (II) Unloading fbdevhw
[   149.562] (II) UnloadModule: "vesa"
[   149.562] (II) Unloading vesa
[   149.568] (II) vmware(0): Initialized VMWARE_CTRL extension version 0.2
[   150.326] (II) vmware(0): Gallium3D XA version: 2.5.0.
[   150.326] (II) vmware(0): Path of drm device is "/dev/dri/card0".
[   150.326] (II) vmware(0): [DRI2] Setup complete
[   150.326] (II) vmware(0): [DRI2]   DRI driver: vmwgfx
[   150.825] (--) vmware(0): Render acceleration is enabled.
[   150.825] (==) vmware(0): Rendercheck mode is disabled.
[   150.825] (--) vmware(0): Direct rendering (DRI2 3D) is enabled.
[   150.825] (--) vmware(0): Direct rendering (DRI3 3D) is enabled.
[   150.825] (==) vmware(0): Direct presents are disabled.
[   150.825] (==) vmware(0): Hardware only presents are automatic per scanout.
[   150.825] (==) vmware(0): Backing store enabled
[   150.825] (==) vmware(0): Silken mouse enabled
[   150.895] (==) vmware(0): DPMS enabled
[   150.895] (II) Initializing extension Generic Event Extension
[   150.896] (II) Initializing extension SHAPE
[   150.896] (II) Initializing extension MIT-SHM
[   150.896] (II) Initializing extension XInputExtension
[   150.898] (II) Initializing extension XTEST
[   150.899] (II) Initializing extension BIG-REQUESTS
[   150.899] (II) Initializing extension SYNC
[   150.899] (II) Initializing extension XKEYBOARD
[   150.899] (II) Initializing extension XC-MISC
[   150.900] (II) Initializing extension SECURITY
[   150.900] (II) Initializing extension XFIXES
[   150.900] (II) Initializing extension RENDER
[   150.901] (II) Initializing extension RANDR
[   150.901] (II) Initializing extension COMPOSITE
[   150.901] (II) Initializing extension DAMAGE
[   150.902] (II) Initializing extension MIT-SCREEN-SAVER
[   150.902] (II) Initializing extension DOUBLE-BUFFER
[   150.902] (II) Initializing extension RECORD
[   150.903] (II) Initializing extension DPMS
[   150.903] (II) Initializing extension Present
[   150.903] (II) Initializing extension DRI3
[   150.904] (II) Initializing extension X-Resource
[   150.908] (II) Initializing extension XVideo
[   150.908] (II) Initializing extension XVideo-MotionCompensation
[   150.908] (II) Initializing extension SELinux
[   150.908] (II) SELinux: Disabled on system
[   150.908] (II) Initializing extension GLX
[   150.941] (II) AIGLX: Loaded and initialized vmwgfx
[   150.941] (II) GLX: Initialized DRI2 GL provider for screen 0
[   150.942] (II) Initializing extension XFree86-VidModeExtension
[   150.942] (II) Initializing extension XFree86-DGA
[   150.943] (II) Initializing extension XFree86-DRI
[   150.943] (II) Initializing extension DRI2
[   151.074] (II) vmware(0): Setting screen physical size to 761 x 391
[   151.355] (II) config/udev: Adding input device Power Button (/dev/input/event0)
[   151.355] (**) Power Button: Applying InputClass "libinput keyboard catchall"
[   151.355] (II) LoadModule: "libinput"
[   151.356] (II) Loading /usr/lib/xorg/modules/input/libinput_drv.so
[   151.364] (II) Module libinput: vendor="X.Org Foundation"
[   151.365] 	compiled for 1.20.4, module version = 0.29.0
[   151.365] 	Module class: X.Org XInput Driver
[   151.365] 	ABI class: X.Org XInput driver, version 24.1
[   151.365] (II) Using input driver 'libinput' for 'Power Button'
[   151.372] (II) systemd-logind: got fd for /dev/input/event0 13:64 fd 24 paused 0
[   151.373] (**) Power Button: always reports core events
[   151.373] (**) Option "Device" "/dev/input/event0"
[   151.374] (**) Option "_source" "server/udev"
[   151.384] (II) event0  - Power Button: is tagged by udev as: Keyboard
[   151.385] (II) event0  - Power Button: device is a keyboard
[   151.386] (II) event0  - Power Button: device removed
[   151.387] (**) Option "config_info" "udev:/sys/devices/LNXSYSTM:00/LNXPWRBN:00/input/input0/event0"
[   151.387] (II) XINPUT: Adding extended input device "Power Button" (type: KEYBOARD, id 6)
[   151.387] (**) Option "xkb_model" "SKIP"
[   151.387] (**) Option "xkb_layout" "us"
[   151.468] (II) event0  - Power Button: is tagged by udev as: Keyboard
[   151.469] (II) event0  - Power Button: device is a keyboard
[   151.477] (II) config/udev: Adding input device VMware VMware Virtual USB Mouse (/dev/input/event4)
[   151.479] (**) VMware VMware Virtual USB Mouse: Applying InputClass "libinput pointer catchall"
[   151.479] (II) Using input driver 'libinput' for 'VMware VMware Virtual USB Mouse'
[   151.541] (II) systemd-logind: got fd for /dev/input/event4 13:68 fd 27 paused 0
[   151.541] (**) VMware VMware Virtual USB Mouse: always reports core events
[   151.541] (**) Option "Device" "/dev/input/event4"
[   151.541] (**) Option "_source" "server/udev"
[   151.547] (II) event4  - VMware VMware Virtual USB Mouse: is tagged by udev as: Mouse
[   151.547] (II) event4  - VMware VMware Virtual USB Mouse: device is a pointer
[   151.549] (II) event4  - VMware VMware Virtual USB Mouse: device removed
[   151.549] (**) Option "config_info" "udev:/sys/devices/pci0000:00/0000:00:11.0/0000:02:00.0/usb2/2-1/2-1:1.0/0003:0E0F:0003.0001/input/input5/event4"
[   151.549] (II) XINPUT: Adding extended input device "VMware VMware Virtual USB Mouse" (type: MOUSE, id 7)
[   151.550] (**) Option "AccelerationScheme" "none"
[   151.550] (**) VMware VMware Virtual USB Mouse: (accel) selected scheme none/0
[   151.550] (**) VMware VMware Virtual USB Mouse: (accel) acceleration factor: 2.000
[   151.550] (**) VMware VMware Virtual USB Mouse: (accel) acceleration threshold: 4
[   151.558] (II) event4  - VMware VMware Virtual USB Mouse: is tagged by udev as: Mouse
[   151.558] (II) event4  - VMware VMware Virtual USB Mouse: device is a pointer
[   151.561] (II) config/udev: Adding input device VMware VMware Virtual USB Mouse (/dev/input/mouse2)
[   151.561] (II) No input driver specified, ignoring this device.
[   151.562] (II) This device may have been added with another device file.
[   151.567] (II) config/udev: Adding input device AT Translated Set 2 keyboard (/dev/input/event1)
[   151.567] (**) AT Translated Set 2 keyboard: Applying InputClass "libinput keyboard catchall"
[   151.568] (II) Using input driver 'libinput' for 'AT Translated Set 2 keyboard'
[   151.570] (II) systemd-logind: got fd for /dev/input/event1 13:65 fd 28 paused 0
[   151.570] (**) AT Translated Set 2 keyboard: always reports core events
[   151.570] (**) Option "Device" "/dev/input/event1"
[   151.570] (**) Option "_source" "server/udev"
[   151.580] (II) event1  - AT Translated Set 2 keyboard: is tagged by udev as: Keyboard
[   151.580] (II) event1  - AT Translated Set 2 keyboard: device is a keyboard
[   151.581] (II) event1  - AT Translated Set 2 keyboard: device removed
[   151.582] (**) Option "config_info" "udev:/sys/devices/platform/i8042/serio0/input/input1/event1"
[   151.582] (II) XINPUT: Adding extended input device "AT Translated Set 2 keyboard" (type: KEYBOARD, id 8)
[   151.582] (**) Option "xkb_model" "SKIP"
[   151.582] (**) Option "xkb_layout" "us"
[   151.590] (II) event1  - AT Translated Set 2 keyboard: is tagged by udev as: Keyboard
[   151.591] (II) event1  - AT Translated Set 2 keyboard: device is a keyboard
[   151.593] (II) config/udev: Adding input device VirtualPS/2 VMware VMMouse (/dev/input/event3)
[   151.593] (**) VirtualPS/2 VMware VMMouse: Applying InputClass "libinput pointer catchall"
[   151.594] (II) Using input driver 'libinput' for 'VirtualPS/2 VMware VMMouse'
[   151.596] (II) systemd-logind: got fd for /dev/input/event3 13:67 fd 29 paused 0
[   151.596] (**) VirtualPS/2 VMware VMMouse: always reports core events
[   151.596] (**) Option "Device" "/dev/input/event3"
[   151.597] (**) Option "_source" "server/udev"
[   151.602] (II) event3  - VirtualPS/2 VMware VMMouse: is tagged by udev as: Mouse
[   151.603] (II) event3  - VirtualPS/2 VMware VMMouse: device is a pointer
[   151.605] (II) event3  - VirtualPS/2 VMware VMMouse: device removed
[   151.606] (**) Option "config_info" "udev:/sys/devices/platform/i8042/serio1/input/input3/event3"
[   151.607] (II) XINPUT: Adding extended input device "VirtualPS/2 VMware VMMouse" (type: MOUSE, id 9)
[   151.607] (**) Option "AccelerationScheme" "none"
[   151.608] (**) VirtualPS/2 VMware VMMouse: (accel) selected scheme none/0
[   151.608] (**) VirtualPS/2 VMware VMMouse: (accel) acceleration factor: 2.000
[   151.608] (**) VirtualPS/2 VMware VMMouse: (accel) acceleration threshold: 4
[   151.613] (II) event3  - VirtualPS/2 VMware VMMouse: is tagged by udev as: Mouse
[   151.615] (II) event3  - VirtualPS/2 VMware VMMouse: device is a pointer
[   151.617] (II) config/udev: Adding input device VirtualPS/2 VMware VMMouse (/dev/input/mouse1)
[   151.618] (II) No input driver specified, ignoring this device.
[   151.618] (II) This device may have been added with another device file.
[   151.620] (II) config/udev: Adding input device VirtualPS/2 VMware VMMouse (/dev/input/event2)
[   151.620] (**) VirtualPS/2 VMware VMMouse: Applying InputClass "libinput pointer catchall"
[   151.620] (II) Using input driver 'libinput' for 'VirtualPS/2 VMware VMMouse'
[   151.622] (II) systemd-logind: got fd for /dev/input/event2 13:66 fd 30 paused 0
[   151.623] (**) VirtualPS/2 VMware VMMouse: always reports core events
[   151.623] (**) Option "Device" "/dev/input/event2"
[   151.623] (**) Option "_source" "server/udev"
[   151.626] (II) event2  - VirtualPS/2 VMware VMMouse: is tagged by udev as: Mouse
[   151.627] (II) event2  - VirtualPS/2 VMware VMMouse: device is a pointer
[   151.628] (II) event2  - VirtualPS/2 VMware VMMouse: device removed
[   151.628] (**) Option "config_info" "udev:/sys/devices/platform/i8042/serio1/input/input4/event2"
[   151.629] (II) XINPUT: Adding extended input device "VirtualPS/2 VMware VMMouse" (type: MOUSE, id 10)
[   151.629] (**) Option "AccelerationScheme" "none"
[   151.629] (**) VirtualPS/2 VMware VMMouse: (accel) selected scheme none/0
[   151.630] (**) VirtualPS/2 VMware VMMouse: (accel) acceleration factor: 2.000
[   151.630] (**) VirtualPS/2 VMware VMMouse: (accel) acceleration threshold: 4
[   151.634] (II) event2  - VirtualPS/2 VMware VMMouse: is tagged by udev as: Mouse
[   151.634] (II) event2  - VirtualPS/2 VMware VMMouse: device is a pointer
[   151.635] (II) config/udev: Adding input device VirtualPS/2 VMware VMMouse (/dev/input/mouse0)
[   151.636] (II) No input driver specified, ignoring this device.
[   151.636] (II) This device may have been added with another device file.
[  4945.938] (!!) vmware(0): New layout.
[  4945.940] (!!) vmware(0): 0: 0 0 2878 1481
[  4945.940] (!!) vmware(0): 
