[rospy.client][INFO] 2024-07-20 02:24:14,737: init_node, name[/messagepublisher_131638_1721467454662], pid[131638]
[xmlrpc][INFO] 2024-07-20 02:24:14,738: XML-RPC server binding to 0.0.0.0:0
[xmlrpc][INFO] 2024-07-20 02:24:14,739: Started XML-RPC server [http://ubuntu:39721/]
[rospy.init][INFO] 2024-07-20 02:24:14,739: ROS Slave URI: [http://ubuntu:39721/]
[rospy.impl.masterslave][INFO] 2024-07-20 02:24:14,740: _ready: http://ubuntu:39721/
[rospy.registration][INFO] 2024-07-20 02:24:14,741: Registering with master node http://localhost:11311
[xmlrpc][INFO] 2024-07-20 02:24:14,742: xml rpc node: starting XML-RPC server
[rospy.init][INFO] 2024-07-20 02:24:14,840: registered with master
[rospy.rosout][INFO] 2024-07-20 02:24:14,841: initializing /rosout core topic
[rospy.rosout][INFO] 2024-07-20 02:24:14,848: connected to core topic /rosout
[rospy.simtime][INFO] 2024-07-20 02:24:14,850: /use_sim_time is not set, will not subscribe to simulated time [/clock] topic
[rosout][INFO] 2024-07-20 02:24:14,856: {"ts": 1671710249.7332158, "x": 0.23851803242224076, "y": -0.1523939004115024, "z": -0.10106047452749803, "std": 3.1795216887458397, "roll": 2.557677004338385, "pitch": -0.02367322254939048, "yaw": 2.8531927190498214, "type": "position_local", "status": 0, "format": "json_v3.1", "log_time": 1721041293287852}
[rospy.internal][INFO] 2024-07-20 02:24:15,121: topic[/rosout] adding connection to [/rosout], count 0
[rosout][INFO] 2024-07-20 02:24:15,858: {"ts": 1671710249.010746, "x": 0.23794441462884758, "y": -0.15315068001547588, "z": -0.10091483812442043, "std": 3.1795568719671174, "roll": 2.5246227594436292, "pitch": 0.04930635411682454, "yaw": 2.8017701867389295, "type": "position_local", "status": 0, "format": "json_v3.1", "log_time": 1721041292566026}
[rosout][INFO] 2024-07-20 02:24:16,863: {"ts": 1671710249.254025, "x": 0.23826026885623866, "y": -0.15289192583240302, "z": -0.10100456961946697, "std": 3.179544810263471, "roll": 2.5447792387786192, "pitch": 0.004469535693398209, "yaw": 2.8201013674066004, "type": "position_local", "status": 0, "format": "json_v3.1", "log_time": 1721041292811360}
[rosout][INFO] 2024-07-20 02:24:17,861: {"ts": 1671710249.495384, "x": 0.23834167946852364, "y": -0.15277179728569226, "z": -0.1011377118115063, "std": 3.179532982657875, "roll": 2.570585739637649, "pitch": -0.0037229017714125266, "yaw": 2.8419039985861088, "type": "position_local", "status": 0, "format": "json_v3.1", "log_time": 1721041293056971}
[rosout][INFO] 2024-07-20 02:24:18,862: {"ts": 1671710249.7332158, "x": 0.23851803242224076, "y": -0.1523939004115024, "z": -0.10106047452749803, "std": 3.1795216887458397, "roll": 2.557677004338385, "pitch": -0.02367322254939048, "yaw": 2.8531927190498214, "type": "position_local", "status": 0, "format": "json_v3.1", "log_time": 1721041293287852}
[rosout][INFO] 2024-07-20 02:24:19,858: {"ts": 1671710249.010746, "x": 0.23794441462884758, "y": -0.15315068001547588, "z": -0.10091483812442043, "std": 3.1795568719671174, "roll": 2.5246227594436292, "pitch": 0.04930635411682454, "yaw": 2.8017701867389295, "type": "position_local", "status": 0, "format": "json_v3.1", "log_time": 1721041292566026}
[rosout][INFO] 2024-07-20 02:24:20,858: {"ts": 1671710249.254025, "x": 0.23826026885623866, "y": -0.15289192583240302, "z": -0.10100456961946697, "std": 3.179544810263471, "roll": 2.5447792387786192, "pitch": 0.004469535693398209, "yaw": 2.8201013674066004, "type": "position_local", "status": 0, "format": "json_v3.1", "log_time": 1721041292811360}
[rosout][INFO] 2024-07-20 02:24:21,858: {"ts": 1671710249.495384, "x": 0.23834167946852364, "y": -0.15277179728569226, "z": -0.1011377118115063, "std": 3.179532982657875, "roll": 2.570585739637649, "pitch": -0.0037229017714125266, "yaw": 2.8419039985861088, "type": "position_local", "status": 0, "format": "json_v3.1", "log_time": 1721041293056971}
[rosout][INFO] 2024-07-20 02:24:22,857: {"ts": 1671710249.7332158, "x": 0.23851803242224076, "y": -0.1523939004115024, "z": -0.10106047452749803, "std": 3.1795216887458397, "roll": 2.557677004338385, "pitch": -0.02367322254939048, "yaw": 2.8531927190498214, "type": "position_local", "status": 0, "format": "json_v3.1", "log_time": 1721041293287852}
[rosout][INFO] 2024-07-20 02:24:23,857: {"ts": 1671710249.010746, "x": 0.23794441462884758, "y": -0.15315068001547588, "z": -0.10091483812442043, "std": 3.1795568719671174, "roll": 2.5246227594436292, "pitch": 0.04930635411682454, "yaw": 2.8017701867389295, "type": "position_local", "status": 0, "format": "json_v3.1", "log_time": 1721041292566026}
[rospy.internal][INFO] 2024-07-20 02:24:24,810: topic[/information] adding connection to [/messagesubscriber], count 0
[rosout][INFO] 2024-07-20 02:24:24,857: {"ts": 1671710249.254025, "x": 0.23826026885623866, "y": -0.15289192583240302, "z": -0.10100456961946697, "std": 3.179544810263471, "roll": 2.5447792387786192, "pitch": 0.004469535693398209, "yaw": 2.8201013674066004, "type": "position_local", "status": 0, "format": "json_v3.1", "log_time": 1721041292811360}
[rosout][INFO] 2024-07-20 02:24:25,858: {"ts": 1671710249.495384, "x": 0.23834167946852364, "y": -0.15277179728569226, "z": -0.1011377118115063, "std": 3.179532982657875, "roll": 2.570585739637649, "pitch": -0.0037229017714125266, "yaw": 2.8419039985861088, "type": "position_local", "status": 0, "format": "json_v3.1", "log_time": 1721041293056971}
[rosout][INFO] 2024-07-20 02:24:26,857: {"ts": 1671710249.7332158, "x": 0.23851803242224076, "y": -0.1523939004115024, "z": -0.10106047452749803, "std": 3.1795216887458397, "roll": 2.557677004338385, "pitch": -0.02367322254939048, "yaw": 2.8531927190498214, "type": "position_local", "status": 0, "format": "json_v3.1", "log_time": 1721041293287852}
[rosout][INFO] 2024-07-20 02:24:27,857: {"ts": 1671710249.010746, "x": 0.23794441462884758, "y": -0.15315068001547588, "z": -0.10091483812442043, "std": 3.1795568719671174, "roll": 2.5246227594436292, "pitch": 0.04930635411682454, "yaw": 2.8017701867389295, "type": "position_local", "status": 0, "format": "json_v3.1", "log_time": 1721041292566026}
[rosout][INFO] 2024-07-20 02:24:28,857: {"ts": 1671710249.254025, "x": 0.23826026885623866, "y": -0.15289192583240302, "z": -0.10100456961946697, "std": 3.179544810263471, "roll": 2.5447792387786192, "pitch": 0.004469535693398209, "yaw": 2.8201013674066004, "type": "position_local", "status": 0, "format": "json_v3.1", "log_time": 1721041292811360}
[rosout][INFO] 2024-07-20 02:24:29,857: {"ts": 1671710249.495384, "x": 0.23834167946852364, "y": -0.15277179728569226, "z": -0.1011377118115063, "std": 3.179532982657875, "roll": 2.570585739637649, "pitch": -0.0037229017714125266, "yaw": 2.8419039985861088, "type": "position_local", "status": 0, "format": "json_v3.1", "log_time": 1721041293056971}
[rosout][INFO] 2024-07-20 02:24:30,858: {"ts": 1671710249.7332158, "x": 0.23851803242224076, "y": -0.1523939004115024, "z": -0.10106047452749803, "std": 3.1795216887458397, "roll": 2.557677004338385, "pitch": -0.02367322254939048, "yaw": 2.8531927190498214, "type": "position_local", "status": 0, "format": "json_v3.1", "log_time": 1721041293287852}
[rosout][INFO] 2024-07-20 02:24:31,858: {"ts": 1671710249.010746, "x": 0.23794441462884758, "y": -0.15315068001547588, "z": -0.10091483812442043, "std": 3.1795568719671174, "roll": 2.5246227594436292, "pitch": 0.04930635411682454, "yaw": 2.8017701867389295, "type": "position_local", "status": 0, "format": "json_v3.1", "log_time": 1721041292566026}
[rosout][INFO] 2024-07-20 02:24:32,857: {"ts": 1671710249.254025, "x": 0.23826026885623866, "y": -0.15289192583240302, "z": -0.10100456961946697, "std": 3.179544810263471, "roll": 2.5447792387786192, "pitch": 0.004469535693398209, "yaw": 2.8201013674066004, "type": "position_local", "status": 0, "format": "json_v3.1", "log_time": 1721041292811360}
[rosout][INFO] 2024-07-20 02:24:33,858: {"ts": 1671710249.495384, "x": 0.23834167946852364, "y": -0.15277179728569226, "z": -0.1011377118115063, "std": 3.179532982657875, "roll": 2.570585739637649, "pitch": -0.0037229017714125266, "yaw": 2.8419039985861088, "type": "position_local", "status": 0, "format": "json_v3.1", "log_time": 1721041293056971}
[rosout][INFO] 2024-07-20 02:24:34,857: {"ts": 1671710249.7332158, "x": 0.23851803242224076, "y": -0.1523939004115024, "z": -0.10106047452749803, "std": 3.1795216887458397, "roll": 2.557677004338385, "pitch": -0.02367322254939048, "yaw": 2.8531927190498214, "type": "position_local", "status": 0, "format": "json_v3.1", "log_time": 1721041293287852}
[rosout][INFO] 2024-07-20 02:24:35,857: {"ts": 1671710249.010746, "x": 0.23794441462884758, "y": -0.15315068001547588, "z": -0.10091483812442043, "std": 3.1795568719671174, "roll": 2.5246227594436292, "pitch": 0.04930635411682454, "yaw": 2.8017701867389295, "type": "position_local", "status": 0, "format": "json_v3.1", "log_time": 1721041292566026}
[rospy.internal][INFO] 2024-07-20 02:24:36,279: topic[/information] removing connection to /messagesubscriber
[rosout][INFO] 2024-07-20 02:24:36,858: {"ts": 1671710249.254025, "x": 0.23826026885623866, "y": -0.15289192583240302, "z": -0.10100456961946697, "std": 3.179544810263471, "roll": 2.5447792387786192, "pitch": 0.004469535693398209, "yaw": 2.8201013674066004, "type": "position_local", "status": 0, "format": "json_v3.1", "log_time": 1721041292811360}
[rosout][INFO] 2024-07-20 02:24:37,858: {"ts": 1671710249.495384, "x": 0.23834167946852364, "y": -0.15277179728569226, "z": -0.1011377118115063, "std": 3.179532982657875, "roll": 2.570585739637649, "pitch": -0.0037229017714125266, "yaw": 2.8419039985861088, "type": "position_local", "status": 0, "format": "json_v3.1", "log_time": 1721041293056971}
[rosout][INFO] 2024-07-20 02:24:38,858: {"ts": 1671710249.7332158, "x": 0.23851803242224076, "y": -0.1523939004115024, "z": -0.10106047452749803, "std": 3.1795216887458397, "roll": 2.557677004338385, "pitch": -0.02367322254939048, "yaw": 2.8531927190498214, "type": "position_local", "status": 0, "format": "json_v3.1", "log_time": 1721041293287852}
[rospy.core][INFO] 2024-07-20 02:24:39,638: signal_shutdown [signal-2]
[rospy.internal][INFO] 2024-07-20 02:24:39,643: topic[/rosout] removing connection to /rosout
[rospy.impl.masterslave][INFO] 2024-07-20 02:24:39,644: signal-2
[rospy.core][INFO] 2024-07-20 02:24:40,241: signal_shutdown [atexit]
