[rospy.client][INFO] 2024-07-20 02:23:44,264: init_node, name[/messagepublisher_131582_1721467424217], pid[131582]
[xmlrpc][INFO] 2024-07-20 02:23:44,265: XML-RPC server binding to 0.0.0.0:0
[xmlrpc][INFO] 2024-07-20 02:23:44,266: Started XML-RPC server [http://ubuntu:33599/]
[rospy.impl.masterslave][INFO] 2024-07-20 02:23:44,266: _ready: http://ubuntu:33599/
[rospy.init][INFO] 2024-07-20 02:23:44,267: ROS Slave URI: [http://ubuntu:33599/]
[rospy.registration][INFO] 2024-07-20 02:23:44,268: Registering with master node http://localhost:11311
[xmlrpc][INFO] 2024-07-20 02:23:44,268: xml rpc node: starting XML-RPC server
[rospy.init][INFO] 2024-07-20 02:23:44,368: registered with master
[rospy.rosout][INFO] 2024-07-20 02:23:44,369: initializing /rosout core topic
[rospy.rosout][INFO] 2024-07-20 02:23:44,379: connected to core topic /rosout
[rospy.simtime][INFO] 2024-07-20 02:23:44,380: /use_sim_time is not set, will not subscribe to simulated time [/clock] topic
[rosout][INFO] 2024-07-20 02:23:44,387: {"ts": 1671710249.7332158, "x": 0.23851803242224076, "y": -0.1523939004115024, "z": -0.10106047452749803, "std": 3.1795216887458397, "roll": 2.557677004338385, "pitch": -0.02367322254939048, "yaw": 2.8531927190498214, "type": "position_local", "status": 0, "format": "json_v3.1", "log_time": 1721041293287852}
[rospy.internal][INFO] 2024-07-20 02:23:44,638: topic[/rosout] adding connection to [/rosout], count 0
[rosout][INFO] 2024-07-20 02:23:45,389: {"ts": 1671710249.7332158, "x": 0.23851803242224076, "y": -0.1523939004115024, "z": -0.10106047452749803, "std": 3.1795216887458397, "roll": 2.557677004338385, "pitch": -0.02367322254939048, "yaw": 2.8531927190498214, "type": "position_local", "status": 0, "format": "json_v3.1", "log_time": 1721041293287852}
[rosout][INFO] 2024-07-20 02:23:46,389: {"ts": 1671710249.7332158, "x": 0.23851803242224076, "y": -0.1523939004115024, "z": -0.10106047452749803, "std": 3.1795216887458397, "roll": 2.557677004338385, "pitch": -0.02367322254939048, "yaw": 2.8531927190498214, "type": "position_local", "status": 0, "format": "json_v3.1", "log_time": 1721041293287852}
[rosout][INFO] 2024-07-20 02:23:47,390: {"ts": 1671710249.7332158, "x": 0.23851803242224076, "y": -0.1523939004115024, "z": -0.10106047452749803, "std": 3.1795216887458397, "roll": 2.557677004338385, "pitch": -0.02367322254939048, "yaw": 2.8531927190498214, "type": "position_local", "status": 0, "format": "json_v3.1", "log_time": 1721041293287852}
[rosout][INFO] 2024-07-20 02:23:48,390: {"ts": 1671710249.7332158, "x": 0.23851803242224076, "y": -0.1523939004115024, "z": -0.10106047452749803, "std": 3.1795216887458397, "roll": 2.557677004338385, "pitch": -0.02367322254939048, "yaw": 2.8531927190498214, "type": "position_local", "status": 0, "format": "json_v3.1", "log_time": 1721041293287852}
[rosout][INFO] 2024-07-20 02:23:49,389: {"ts": 1671710249.7332158, "x": 0.23851803242224076, "y": -0.1523939004115024, "z": -0.10106047452749803, "std": 3.1795216887458397, "roll": 2.557677004338385, "pitch": -0.02367322254939048, "yaw": 2.8531927190498214, "type": "position_local", "status": 0, "format": "json_v3.1", "log_time": 1721041293287852}
[rosout][INFO] 2024-07-20 02:23:50,388: {"ts": 1671710249.7332158, "x": 0.23851803242224076, "y": -0.1523939004115024, "z": -0.10106047452749803, "std": 3.1795216887458397, "roll": 2.557677004338385, "pitch": -0.02367322254939048, "yaw": 2.8531927190498214, "type": "position_local", "status": 0, "format": "json_v3.1", "log_time": 1721041293287852}
[rospy.internal][INFO] 2024-07-20 02:23:50,734: topic[/information] adding connection to [/messagesubscriber], count 0
[rosout][INFO] 2024-07-20 02:23:51,390: {"ts": 1671710249.7332158, "x": 0.23851803242224076, "y": -0.1523939004115024, "z": -0.10106047452749803, "std": 3.1795216887458397, "roll": 2.557677004338385, "pitch": -0.02367322254939048, "yaw": 2.8531927190498214, "type": "position_local", "status": 0, "format": "json_v3.1", "log_time": 1721041293287852}
[rosout][INFO] 2024-07-20 02:23:52,389: {"ts": 1671710249.7332158, "x": 0.23851803242224076, "y": -0.1523939004115024, "z": -0.10106047452749803, "std": 3.1795216887458397, "roll": 2.557677004338385, "pitch": -0.02367322254939048, "yaw": 2.8531927190498214, "type": "position_local", "status": 0, "format": "json_v3.1", "log_time": 1721041293287852}
[rosout][INFO] 2024-07-20 02:23:53,389: {"ts": 1671710249.7332158, "x": 0.23851803242224076, "y": -0.1523939004115024, "z": -0.10106047452749803, "std": 3.1795216887458397, "roll": 2.557677004338385, "pitch": -0.02367322254939048, "yaw": 2.8531927190498214, "type": "position_local", "status": 0, "format": "json_v3.1", "log_time": 1721041293287852}
[rosout][INFO] 2024-07-20 02:23:54,389: {"ts": 1671710249.7332158, "x": 0.23851803242224076, "y": -0.1523939004115024, "z": -0.10106047452749803, "std": 3.1795216887458397, "roll": 2.557677004338385, "pitch": -0.02367322254939048, "yaw": 2.8531927190498214, "type": "position_local", "status": 0, "format": "json_v3.1", "log_time": 1721041293287852}
[rosout][INFO] 2024-07-20 02:23:55,389: {"ts": 1671710249.7332158, "x": 0.23851803242224076, "y": -0.1523939004115024, "z": -0.10106047452749803, "std": 3.1795216887458397, "roll": 2.557677004338385, "pitch": -0.02367322254939048, "yaw": 2.8531927190498214, "type": "position_local", "status": 0, "format": "json_v3.1", "log_time": 1721041293287852}
[rosout][INFO] 2024-07-20 02:23:56,389: {"ts": 1671710249.7332158, "x": 0.23851803242224076, "y": -0.1523939004115024, "z": -0.10106047452749803, "std": 3.1795216887458397, "roll": 2.557677004338385, "pitch": -0.02367322254939048, "yaw": 2.8531927190498214, "type": "position_local", "status": 0, "format": "json_v3.1", "log_time": 1721041293287852}
[rosout][INFO] 2024-07-20 02:23:57,389: {"ts": 1671710249.7332158, "x": 0.23851803242224076, "y": -0.1523939004115024, "z": -0.10106047452749803, "std": 3.1795216887458397, "roll": 2.557677004338385, "pitch": -0.02367322254939048, "yaw": 2.8531927190498214, "type": "position_local", "status": 0, "format": "json_v3.1", "log_time": 1721041293287852}
[rosout][INFO] 2024-07-20 02:23:58,389: {"ts": 1671710249.7332158, "x": 0.23851803242224076, "y": -0.1523939004115024, "z": -0.10106047452749803, "std": 3.1795216887458397, "roll": 2.557677004338385, "pitch": -0.02367322254939048, "yaw": 2.8531927190498214, "type": "position_local", "status": 0, "format": "json_v3.1", "log_time": 1721041293287852}
[rospy.internal][INFO] 2024-07-20 02:23:58,806: topic[/information] removing connection to /messagesubscriber
[rosout][INFO] 2024-07-20 02:23:59,389: {"ts": 1671710249.7332158, "x": 0.23851803242224076, "y": -0.1523939004115024, "z": -0.10106047452749803, "std": 3.1795216887458397, "roll": 2.557677004338385, "pitch": -0.02367322254939048, "yaw": 2.8531927190498214, "type": "position_local", "status": 0, "format": "json_v3.1", "log_time": 1721041293287852}
[rosout][INFO] 2024-07-20 02:24:00,389: {"ts": 1671710249.7332158, "x": 0.23851803242224076, "y": -0.1523939004115024, "z": -0.10106047452749803, "std": 3.1795216887458397, "roll": 2.557677004338385, "pitch": -0.02367322254939048, "yaw": 2.8531927190498214, "type": "position_local", "status": 0, "format": "json_v3.1", "log_time": 1721041293287852}
[rosout][INFO] 2024-07-20 02:24:01,390: {"ts": 1671710249.7332158, "x": 0.23851803242224076, "y": -0.1523939004115024, "z": -0.10106047452749803, "std": 3.1795216887458397, "roll": 2.557677004338385, "pitch": -0.02367322254939048, "yaw": 2.8531927190498214, "type": "position_local", "status": 0, "format": "json_v3.1", "log_time": 1721041293287852}
[rospy.core][INFO] 2024-07-20 02:24:01,564: signal_shutdown [signal-2]
[rospy.internal][INFO] 2024-07-20 02:24:01,569: topic[/rosout] removing connection to /rosout
[rospy.impl.masterslave][INFO] 2024-07-20 02:24:01,570: signal-2
[rospy.core][INFO] 2024-07-20 02:24:02,388: signal_shutdown [atexit]
