[rospy.client][INFO] 2024-07-20 02:03:35,925: init_node, name[/messagepublisher_130883_1721466215874], pid[130883]
[xmlrpc][INFO] 2024-07-20 02:03:35,926: XML-RPC server binding to 0.0.0.0:0
[xmlrpc][INFO] 2024-07-20 02:03:35,927: Started XML-RPC server [http://ubuntu:35111/]
[rospy.impl.masterslave][INFO] 2024-07-20 02:03:35,927: _ready: http://ubuntu:35111/
[rospy.init][INFO] 2024-07-20 02:03:35,928: ROS Slave URI: [http://ubuntu:35111/]
[rospy.registration][INFO] 2024-07-20 02:03:35,929: Registering with master node http://localhost:11311
[xmlrpc][INFO] 2024-07-20 02:03:35,929: xml rpc node: starting XML-RPC server
[rospy.init][INFO] 2024-07-20 02:03:36,029: registered with master
[rospy.rosout][INFO] 2024-07-20 02:03:36,029: initializing /rosout core topic
[rospy.rosout][INFO] 2024-07-20 02:03:36,038: connected to core topic /rosout
[rospy.simtime][INFO] 2024-07-20 02:03:36,039: /use_sim_time is not set, will not subscribe to simulated time [/clock] topic
[rosout][INFO] 2024-07-20 02:03:36,045: {}
[rospy.internal][INFO] 2024-07-20 02:03:36,292: topic[/rosout] adding connection to [/rosout], count 0
[rosout][INFO] 2024-07-20 02:03:37,047: {}
[rosout][INFO] 2024-07-20 02:03:38,047: {}
[rosout][INFO] 2024-07-20 02:03:39,047: {}
[rosout][INFO] 2024-07-20 02:03:40,046: {}
[rosout][INFO] 2024-07-20 02:03:41,047: {}
[rosout][INFO] 2024-07-20 02:03:42,047: {}
[rosout][INFO] 2024-07-20 02:03:43,047: {}
[rosout][INFO] 2024-07-20 02:03:44,046: {}
[rosout][INFO] 2024-07-20 02:03:45,047: {}
[rosout][INFO] 2024-07-20 02:03:46,047: {}
[rosout][INFO] 2024-07-20 02:03:47,047: {}
[rosout][INFO] 2024-07-20 02:03:48,047: {}
[rosout][INFO] 2024-07-20 02:03:49,047: {}
[rosout][INFO] 2024-07-20 02:03:50,047: {}
[rosout][INFO] 2024-07-20 02:03:51,047: {}
[rosout][INFO] 2024-07-20 02:03:52,047: {}
[rosout][INFO] 2024-07-20 02:03:53,047: {}
[rosout][INFO] 2024-07-20 02:03:54,047: {}
[rosout][INFO] 2024-07-20 02:03:55,046: {}
[rosout][INFO] 2024-07-20 02:03:56,047: {}
[rosout][INFO] 2024-07-20 02:03:57,047: {}
[rosout][INFO] 2024-07-20 02:03:58,046: {}
[rosout][INFO] 2024-07-20 02:03:59,047: {}
[rosout][INFO] 2024-07-20 02:04:00,046: {}
[rosout][INFO] 2024-07-20 02:04:01,048: {}
[rosout][INFO] 2024-07-20 02:04:02,046: {}
[rosout][INFO] 2024-07-20 02:04:03,047: {}
[rosout][INFO] 2024-07-20 02:04:04,047: {}
[rosout][INFO] 2024-07-20 02:04:05,047: {}
[rosout][INFO] 2024-07-20 02:04:06,047: {}
[rosout][INFO] 2024-07-20 02:04:07,046: {}
[rosout][INFO] 2024-07-20 02:04:08,047: {}
[rosout][INFO] 2024-07-20 02:04:09,046: {}
[rosout][INFO] 2024-07-20 02:04:10,046: {}
[rosout][INFO] 2024-07-20 02:04:11,046: {}
[rosout][INFO] 2024-07-20 02:04:12,046: {}
[rosout][INFO] 2024-07-20 02:04:13,046: {}
[rosout][INFO] 2024-07-20 02:04:14,046: {}
[rosout][INFO] 2024-07-20 02:04:15,046: {}
[rosout][INFO] 2024-07-20 02:04:16,047: {}
[rosout][INFO] 2024-07-20 02:04:17,047: {}
[rosout][INFO] 2024-07-20 02:04:18,047: {}
[rosout][INFO] 2024-07-20 02:04:19,046: {}
[rosout][INFO] 2024-07-20 02:04:20,047: {}
[rosout][INFO] 2024-07-20 02:04:21,047: {}
[rosout][INFO] 2024-07-20 02:04:22,047: {}
[rosout][INFO] 2024-07-20 02:04:23,055: {}
[rosout][INFO] 2024-07-20 02:04:24,046: {}
[rosout][INFO] 2024-07-20 02:04:25,046: {}
[rosout][INFO] 2024-07-20 02:04:26,047: {}
[rosout][INFO] 2024-07-20 02:04:27,047: {}
[rosout][INFO] 2024-07-20 02:04:28,047: {}
[rosout][INFO] 2024-07-20 02:04:29,045: {}
[rosout][INFO] 2024-07-20 02:04:30,047: {}
[rosout][INFO] 2024-07-20 02:04:31,047: {}
[rosout][INFO] 2024-07-20 02:04:32,047: {}
[rosout][INFO] 2024-07-20 02:04:33,047: {}
[rosout][INFO] 2024-07-20 02:04:34,047: {}
[rosout][INFO] 2024-07-20 02:04:35,047: {}
[rosout][INFO] 2024-07-20 02:04:36,046: {}
[rosout][INFO] 2024-07-20 02:04:37,047: {}
[rosout][INFO] 2024-07-20 02:04:38,050: {}
[rosout][INFO] 2024-07-20 02:04:39,046: {}
[rosout][INFO] 2024-07-20 02:04:40,047: {}
[rosout][INFO] 2024-07-20 02:04:41,047: {}
[rosout][INFO] 2024-07-20 02:04:42,048: {}
[rosout][INFO] 2024-07-20 02:04:43,046: {}
[rosout][INFO] 2024-07-20 02:04:44,046: {}
[rosout][INFO] 2024-07-20 02:04:45,047: {}
[rosout][INFO] 2024-07-20 02:04:46,046: {}
[rosout][INFO] 2024-07-20 02:04:47,046: {}
[rosout][INFO] 2024-07-20 02:04:48,046: {}
[rosout][INFO] 2024-07-20 02:04:49,046: {}
[rosout][INFO] 2024-07-20 02:04:50,046: {}
[rosout][INFO] 2024-07-20 02:04:51,046: {}
[rosout][INFO] 2024-07-20 02:04:52,047: {}
[rosout][INFO] 2024-07-20 02:04:53,048: {}
[rosout][INFO] 2024-07-20 02:04:54,047: {}
[rosout][INFO] 2024-07-20 02:04:55,047: {}
[rosout][INFO] 2024-07-20 02:04:56,048: {}
[rosout][INFO] 2024-07-20 02:04:57,047: {}
[rosout][INFO] 2024-07-20 02:04:58,047: {}
[rosout][INFO] 2024-07-20 02:04:59,047: {}
[rosout][INFO] 2024-07-20 02:05:00,046: {}
[rosout][INFO] 2024-07-20 02:05:01,047: {}
[rosout][INFO] 2024-07-20 02:05:02,047: {}
[rosout][INFO] 2024-07-20 02:05:03,046: {}
[rosout][INFO] 2024-07-20 02:05:04,046: {}
[rosout][INFO] 2024-07-20 02:05:05,047: {}
[rosout][INFO] 2024-07-20 02:05:06,046: {}
[rosout][INFO] 2024-07-20 02:05:07,048: {}
[rosout][INFO] 2024-07-20 02:05:08,047: {}
[rosout][INFO] 2024-07-20 02:05:09,046: {}
[rosout][INFO] 2024-07-20 02:05:10,047: {}
[rosout][INFO] 2024-07-20 02:05:11,046: {}
[rosout][INFO] 2024-07-20 02:05:12,046: {}
[rosout][INFO] 2024-07-20 02:05:13,046: {}
[rosout][INFO] 2024-07-20 02:05:14,047: {}
[rosout][INFO] 2024-07-20 02:05:15,046: {}
[rosout][INFO] 2024-07-20 02:05:16,047: {}
[rosout][INFO] 2024-07-20 02:05:17,046: {}
[rosout][INFO] 2024-07-20 02:05:18,047: {}
[rosout][INFO] 2024-07-20 02:05:19,047: {}
[rosout][INFO] 2024-07-20 02:05:20,046: {}
[rospy.internal][INFO] 2024-07-20 02:05:20,660: topic[/information] adding connection to [/messagesubscriber], count 0
[rosout][INFO] 2024-07-20 02:05:21,046: {}
[rosout][INFO] 2024-07-20 02:05:22,047: {}
[rosout][INFO] 2024-07-20 02:05:23,048: {}
[rosout][INFO] 2024-07-20 02:05:24,047: {}
[rosout][INFO] 2024-07-20 02:05:25,047: {}
[rosout][INFO] 2024-07-20 02:05:26,047: {}
[rosout][INFO] 2024-07-20 02:05:27,047: {}
[rospy.internal][INFO] 2024-07-20 02:05:27,531: topic[/information] removing connection to /messagesubscriber
[rosout][INFO] 2024-07-20 02:05:28,047: {}
[rosout][INFO] 2024-07-20 02:05:29,047: {}
[rosout][INFO] 2024-07-20 02:05:30,047: {}
[rosout][INFO] 2024-07-20 02:05:31,046: {}
[rosout][INFO] 2024-07-20 02:05:32,053: {}
[rosout][INFO] 2024-07-20 02:05:33,047: {}
[rosout][INFO] 2024-07-20 02:05:34,047: {}
[rosout][INFO] 2024-07-20 02:05:35,046: {}
[rosout][INFO] 2024-07-20 02:05:36,047: {}
[rosout][INFO] 2024-07-20 02:05:37,047: {}
[rosout][INFO] 2024-07-20 02:05:38,047: {}
[rosout][INFO] 2024-07-20 02:05:39,047: {}
[rosout][INFO] 2024-07-20 02:05:40,047: {}
[rosout][INFO] 2024-07-20 02:05:41,046: {}
[rosout][INFO] 2024-07-20 02:05:42,047: {}
[rosout][INFO] 2024-07-20 02:05:43,047: {}
[rosout][INFO] 2024-07-20 02:05:44,047: {}
[rosout][INFO] 2024-07-20 02:05:45,047: {}
[rosout][INFO] 2024-07-20 02:05:46,047: {}
[rosout][INFO] 2024-07-20 02:05:47,047: {}
[rosout][INFO] 2024-07-20 02:05:48,047: {}
[rosout][INFO] 2024-07-20 02:05:49,047: {}
[rosout][INFO] 2024-07-20 02:05:50,047: {}
[rosout][INFO] 2024-07-20 02:05:51,047: {}
[rosout][INFO] 2024-07-20 02:05:52,046: {}
[rosout][INFO] 2024-07-20 02:05:53,047: {}
[rosout][INFO] 2024-07-20 02:05:54,046: {}
[rosout][INFO] 2024-07-20 02:05:55,047: {}
[rosout][INFO] 2024-07-20 02:05:56,047: {}
[rosout][INFO] 2024-07-20 02:05:57,047: {}
[rosout][INFO] 2024-07-20 02:05:58,048: {}
[rosout][INFO] 2024-07-20 02:05:59,047: {}
[rosout][INFO] 2024-07-20 02:06:00,052: {}
[rosout][INFO] 2024-07-20 02:06:01,046: {}
[rosout][INFO] 2024-07-20 02:06:02,047: {}
[rosout][INFO] 2024-07-20 02:06:03,046: {}
[rosout][INFO] 2024-07-20 02:06:04,047: {}
[rosout][INFO] 2024-07-20 02:06:05,047: {}
[rosout][INFO] 2024-07-20 02:06:06,052: {}
[rosout][INFO] 2024-07-20 02:06:07,047: {}
[rosout][INFO] 2024-07-20 02:06:08,047: {}
[rosout][INFO] 2024-07-20 02:06:09,047: {}
[rosout][INFO] 2024-07-20 02:06:10,047: {}
[rosout][INFO] 2024-07-20 02:06:11,047: {}
[rosout][INFO] 2024-07-20 02:06:12,047: {}
[rosout][INFO] 2024-07-20 02:06:13,047: {}
[rosout][INFO] 2024-07-20 02:06:14,047: {}
[rosout][INFO] 2024-07-20 02:06:15,046: {}
[rosout][INFO] 2024-07-20 02:06:16,047: {}
[rosout][INFO] 2024-07-20 02:06:17,046: {}
[rosout][INFO] 2024-07-20 02:06:18,047: {}
[rosout][INFO] 2024-07-20 02:06:19,046: {}
[rosout][INFO] 2024-07-20 02:06:20,047: {}
[rosout][INFO] 2024-07-20 02:06:21,045: {}
[rosout][INFO] 2024-07-20 02:06:22,047: {}
[rosout][INFO] 2024-07-20 02:06:23,046: {}
[rosout][INFO] 2024-07-20 02:06:24,048: {}
[rosout][INFO] 2024-07-20 02:06:25,047: {}
[rosout][INFO] 2024-07-20 02:06:26,047: {}
[rosout][INFO] 2024-07-20 02:06:27,047: {}
[rosout][INFO] 2024-07-20 02:06:28,047: {}
[rosout][INFO] 2024-07-20 02:06:29,046: {}
[rosout][INFO] 2024-07-20 02:06:30,047: {}
[rosout][INFO] 2024-07-20 02:06:31,046: {}
[rosout][INFO] 2024-07-20 02:06:32,046: {}
[rosout][INFO] 2024-07-20 02:06:33,046: {}
[rosout][INFO] 2024-07-20 02:06:34,046: {}
[rosout][INFO] 2024-07-20 02:06:35,046: {}
[rosout][INFO] 2024-07-20 02:06:36,046: {}
[rosout][INFO] 2024-07-20 02:06:37,047: {}
[rosout][INFO] 2024-07-20 02:06:38,046: {}
[rosout][INFO] 2024-07-20 02:06:39,047: {}
[rosout][INFO] 2024-07-20 02:06:40,047: {}
[rosout][INFO] 2024-07-20 02:06:41,049: {}
[rosout][INFO] 2024-07-20 02:06:42,047: {}
[rosout][INFO] 2024-07-20 02:06:43,047: {}
[rosout][INFO] 2024-07-20 02:06:44,047: {}
[rosout][INFO] 2024-07-20 02:06:45,046: {}
[rosout][INFO] 2024-07-20 02:06:46,047: {}
[rosout][INFO] 2024-07-20 02:06:47,046: {}
[rosout][INFO] 2024-07-20 02:06:48,047: {}
[rosout][INFO] 2024-07-20 02:06:49,047: {}
[rosout][INFO] 2024-07-20 02:06:50,047: {}
[rosout][INFO] 2024-07-20 02:06:51,048: {}
[rosout][INFO] 2024-07-20 02:06:52,047: {}
[rosout][INFO] 2024-07-20 02:06:53,047: {}
[rosout][INFO] 2024-07-20 02:06:54,047: {}
[rosout][INFO] 2024-07-20 02:06:55,047: {}
[rosout][INFO] 2024-07-20 02:06:56,047: {}
[rosout][INFO] 2024-07-20 02:06:57,047: {}
[rosout][INFO] 2024-07-20 02:06:58,047: {}
[rosout][INFO] 2024-07-20 02:06:59,047: {}
[rosout][INFO] 2024-07-20 02:07:00,047: {}
[rosout][INFO] 2024-07-20 02:07:01,047: {}
[rosout][INFO] 2024-07-20 02:07:02,046: {}
[rosout][INFO] 2024-07-20 02:07:03,047: {}
[rosout][INFO] 2024-07-20 02:07:04,047: {}
[rosout][INFO] 2024-07-20 02:07:05,047: {}
[rosout][INFO] 2024-07-20 02:07:06,047: {}
[rosout][INFO] 2024-07-20 02:07:07,046: {}
[rosout][INFO] 2024-07-20 02:07:08,047: {}
[rosout][INFO] 2024-07-20 02:07:09,047: {}
[rosout][INFO] 2024-07-20 02:07:10,047: {}
[rosout][INFO] 2024-07-20 02:07:11,047: {}
[rosout][INFO] 2024-07-20 02:07:12,047: {}
[rosout][INFO] 2024-07-20 02:07:13,047: {}
[rosout][INFO] 2024-07-20 02:07:14,047: {}
[rosout][INFO] 2024-07-20 02:07:15,047: {}
[rosout][INFO] 2024-07-20 02:07:16,049: {}
[rosout][INFO] 2024-07-20 02:07:17,047: {}
[rosout][INFO] 2024-07-20 02:07:18,047: {}
[rosout][INFO] 2024-07-20 02:07:19,047: {}
[rosout][INFO] 2024-07-20 02:07:20,047: {}
[rosout][INFO] 2024-07-20 02:07:21,047: {}
[rosout][INFO] 2024-07-20 02:07:22,047: {}
[rosout][INFO] 2024-07-20 02:07:23,047: {}
[rosout][INFO] 2024-07-20 02:07:24,047: {}
[rosout][INFO] 2024-07-20 02:07:25,047: {}
[rosout][INFO] 2024-07-20 02:07:26,047: {}
[rosout][INFO] 2024-07-20 02:07:27,047: {}
[rosout][INFO] 2024-07-20 02:07:28,047: {}
[rosout][INFO] 2024-07-20 02:07:29,047: {}
[rosout][INFO] 2024-07-20 02:07:30,047: {}
[rosout][INFO] 2024-07-20 02:07:31,047: {}
[rosout][INFO] 2024-07-20 02:07:32,047: {}
[rosout][INFO] 2024-07-20 02:07:33,047: {}
[rosout][INFO] 2024-07-20 02:07:34,047: {}
[rosout][INFO] 2024-07-20 02:07:35,047: {}
[rosout][INFO] 2024-07-20 02:07:36,047: {}
[rosout][INFO] 2024-07-20 02:07:37,048: {}
[rosout][INFO] 2024-07-20 02:07:38,047: {}
[rosout][INFO] 2024-07-20 02:07:39,049: {}
[rosout][INFO] 2024-07-20 02:07:40,047: {}
[rosout][INFO] 2024-07-20 02:07:41,046: {}
[rosout][INFO] 2024-07-20 02:07:42,047: {}
[rosout][INFO] 2024-07-20 02:07:43,047: {}
[rosout][INFO] 2024-07-20 02:07:44,047: {}
[rosout][INFO] 2024-07-20 02:07:45,047: {}
[rosout][INFO] 2024-07-20 02:07:46,047: {}
[rosout][INFO] 2024-07-20 02:07:47,047: {}
[rosout][INFO] 2024-07-20 02:07:48,047: {}
[rosout][INFO] 2024-07-20 02:07:49,047: {}
[rosout][INFO] 2024-07-20 02:07:50,047: {}
[rosout][INFO] 2024-07-20 02:07:51,047: {}
[rosout][INFO] 2024-07-20 02:07:52,046: {}
[rosout][INFO] 2024-07-20 02:07:53,047: {}
[rosout][INFO] 2024-07-20 02:07:54,047: {}
[rosout][INFO] 2024-07-20 02:07:55,047: {}
[rosout][INFO] 2024-07-20 02:07:56,047: {}
[rosout][INFO] 2024-07-20 02:07:57,048: {}
[rosout][INFO] 2024-07-20 02:07:58,047: {}
[rosout][INFO] 2024-07-20 02:07:59,047: {}
[rosout][INFO] 2024-07-20 02:08:00,046: {}
[rosout][INFO] 2024-07-20 02:08:01,047: {}
[rosout][INFO] 2024-07-20 02:08:02,046: {}
[rosout][INFO] 2024-07-20 02:08:03,046: {}
[rosout][INFO] 2024-07-20 02:08:04,046: {}
[rosout][INFO] 2024-07-20 02:08:05,046: {}
[rosout][INFO] 2024-07-20 02:08:06,046: {}
[rosout][INFO] 2024-07-20 02:08:07,046: {}
[rosout][INFO] 2024-07-20 02:08:08,046: {}
[rosout][INFO] 2024-07-20 02:08:09,046: {}
[rosout][INFO] 2024-07-20 02:08:10,046: {}
[rosout][INFO] 2024-07-20 02:08:11,046: {}
[rosout][INFO] 2024-07-20 02:08:12,047: {}
[rosout][INFO] 2024-07-20 02:08:13,046: {}
[rosout][INFO] 2024-07-20 02:08:14,047: {}
[rosout][INFO] 2024-07-20 02:08:15,046: {}
[rosout][INFO] 2024-07-20 02:08:16,047: {}
[rospy.core][INFO] 2024-07-20 02:08:16,120: signal_shutdown [signal-2]
[rospy.internal][INFO] 2024-07-20 02:08:16,124: topic[/rosout] removing connection to /rosout
[rospy.impl.masterslave][INFO] 2024-07-20 02:08:16,125: signal-2
[rospy.core][INFO] 2024-07-20 02:08:17,047: signal_shutdown [atexit]
