[rospy.client][INFO] 2024-07-20 01:00:07,651: init_node, name[/messagepublisher_39059_1721462407570], pid[39059]
[xmlrpc][INFO] 2024-07-20 01:00:07,652: XML-RPC server binding to 0.0.0.0:0
[xmlrpc][INFO] 2024-07-20 01:00:07,654: Started XML-RPC server [http://ubuntu:36321/]
[rospy.init][INFO] 2024-07-20 01:00:07,654: ROS Slave URI: [http://ubuntu:36321/]
[rospy.impl.masterslave][INFO] 2024-07-20 01:00:07,655: _ready: http://ubuntu:36321/
[rospy.registration][INFO] 2024-07-20 01:00:07,657: Registering with master node http://localhost:11311
[xmlrpc][INFO] 2024-07-20 01:00:07,657: xml rpc node: starting XML-RPC server
[rospy.init][INFO] 2024-07-20 01:00:07,755: registered with master
[rospy.rosout][INFO] 2024-07-20 01:00:07,756: initializing /rosout core topic
[rospy.rosout][INFO] 2024-07-20 01:00:07,765: connected to core topic /rosout
[rospy.simtime][INFO] 2024-07-20 01:00:07,766: /use_sim_time is not set, will not subscribe to simulated time [/clock] topic
[rosout][INFO] 2024-07-20 01:00:07,775: 0
[rospy.internal][INFO] 2024-07-20 01:00:08,032: topic[/rosout] adding connection to [/rosout], count 0
[rosout][INFO] 2024-07-20 01:00:08,776: 1
[rosout][INFO] 2024-07-20 01:00:09,788: 2
[rosout][INFO] 2024-07-20 01:00:10,776: 3
[rosout][INFO] 2024-07-20 01:00:11,776: 4
[rosout][INFO] 2024-07-20 01:00:12,776: 5
[rosout][INFO] 2024-07-20 01:00:13,776: 6
[rosout][INFO] 2024-07-20 01:00:14,788: 7
[rosout][INFO] 2024-07-20 01:00:15,781: 8
[rosout][INFO] 2024-07-20 01:00:16,781: 9
[rosout][INFO] 2024-07-20 01:00:17,782: 10
[rosout][INFO] 2024-07-20 01:00:18,790: 11
[rosout][INFO] 2024-07-20 01:00:19,777: 12
[rosout][INFO] 2024-07-20 01:00:20,788: 13
[rosout][INFO] 2024-07-20 01:00:21,778: 14
[rosout][INFO] 2024-07-20 01:00:22,785: 15
[rosout][INFO] 2024-07-20 01:00:23,782: 16
[rosout][INFO] 2024-07-20 01:00:24,779: 17
[rosout][INFO] 2024-07-20 01:00:25,782: 18
[rosout][INFO] 2024-07-20 01:00:26,794: 19
[rosout][INFO] 2024-07-20 01:00:27,778: 20
[rosout][INFO] 2024-07-20 01:00:28,790: 21
[rosout][INFO] 2024-07-20 01:00:29,785: 22
[rosout][INFO] 2024-07-20 01:00:30,782: 23
[rosout][INFO] 2024-07-20 01:00:31,779: 24
[rosout][INFO] 2024-07-20 01:00:32,777: 25
[rosout][INFO] 2024-07-20 01:00:33,789: 26
[rosout][INFO] 2024-07-20 01:00:34,780: 27
[rosout][INFO] 2024-07-20 01:00:35,776: 28
[rosout][INFO] 2024-07-20 01:00:36,782: 29
[rosout][INFO] 2024-07-20 01:00:37,776: 30
[rosout][INFO] 2024-07-20 01:00:38,776: 31
[rosout][INFO] 2024-07-20 01:00:39,776: 32
[rosout][INFO] 2024-07-20 01:00:40,776: 33
[rosout][INFO] 2024-07-20 01:00:41,776: 34
[rosout][INFO] 2024-07-20 01:00:42,778: 35
[rosout][INFO] 2024-07-20 01:00:43,778: 36
[rosout][INFO] 2024-07-20 01:00:44,776: 37
[rosout][INFO] 2024-07-20 01:00:45,784: 38
[rosout][INFO] 2024-07-20 01:00:46,781: 39
[rosout][INFO] 2024-07-20 01:00:47,776: 40
[rosout][INFO] 2024-07-20 01:00:48,779: 41
[rosout][INFO] 2024-07-20 01:00:49,782: 42
[rosout][INFO] 2024-07-20 01:00:50,776: 43
[rosout][INFO] 2024-07-20 01:00:51,778: 44
[rosout][INFO] 2024-07-20 01:00:52,776: 45
[rosout][INFO] 2024-07-20 01:00:53,776: 46
[rospy.internal][INFO] 2024-07-20 01:00:54,336: topic[/information] adding connection to [/messagesubscriber], count 0
[rosout][INFO] 2024-07-20 01:00:54,786: 47
[rosout][INFO] 2024-07-20 01:00:55,783: 48
[rosout][INFO] 2024-07-20 01:00:56,776: 49
[rosout][INFO] 2024-07-20 01:00:57,782: 50
[rosout][INFO] 2024-07-20 01:00:58,777: 51
[rosout][INFO] 2024-07-20 01:00:59,776: 52
[rosout][INFO] 2024-07-20 01:01:00,780: 53
[rospy.internal][INFO] 2024-07-20 01:01:00,981: topic[/information] removing connection to /messagesubscriber
[rosout][INFO] 2024-07-20 01:01:01,776: 54
[rosout][INFO] 2024-07-20 01:01:02,782: 55
[rosout][INFO] 2024-07-20 01:01:03,777: 56
[rospy.core][INFO] 2024-07-20 01:01:04,207: signal_shutdown [signal-2]
[rospy.internal][INFO] 2024-07-20 01:01:04,212: topic[/rosout] removing connection to /rosout
[rospy.impl.masterslave][INFO] 2024-07-20 01:01:04,213: signal-2
[rospy.core][INFO] 2024-07-20 01:01:04,810: signal_shutdown [atexit]
