[rospy.client][INFO] 2024-07-19 02:14:21,504: init_node, name[/messagepublisher_37588_1721380461457], pid[37588]
[xmlrpc][INFO] 2024-07-19 02:14:21,505: XML-RPC server binding to 0.0.0.0:0
[xmlrpc][INFO] 2024-07-19 02:14:21,506: Started XML-RPC server [http://ubuntu:43825/]
[rospy.impl.masterslave][INFO] 2024-07-19 02:14:21,506: _ready: http://ubuntu:43825/
[rospy.init][INFO] 2024-07-19 02:14:21,507: ROS Slave URI: [http://ubuntu:43825/]
[rospy.registration][INFO] 2024-07-19 02:14:21,508: Registering with master node http://localhost:11311
[xmlrpc][INFO] 2024-07-19 02:14:21,508: xml rpc node: starting XML-RPC server
[rospy.init][INFO] 2024-07-19 02:14:21,607: registered with master
[rospy.rosout][INFO] 2024-07-19 02:14:21,608: initializing /rosout core topic
[rospy.rosout][INFO] 2024-07-19 02:14:21,617: connected to core topic /rosout
[rospy.simtime][INFO] 2024-07-19 02:14:21,619: /use_sim_time is not set, will not subscribe to simulated time [/clock] topic
[rosout][INFO] 2024-07-19 02:14:21,625: 0
[rospy.internal][INFO] 2024-07-19 02:14:21,902: topic[/rosout] adding connection to [/rosout], count 0
[rosout][INFO] 2024-07-19 02:14:22,627: 1
[rosout][INFO] 2024-07-19 02:14:23,627: 2
[rosout][INFO] 2024-07-19 02:14:24,627: 3
[rosout][INFO] 2024-07-19 02:14:25,626: 4
[rosout][INFO] 2024-07-19 02:14:26,626: 5
[rosout][INFO] 2024-07-19 02:14:27,626: 6
[rosout][INFO] 2024-07-19 02:14:28,626: 7
[rosout][INFO] 2024-07-19 02:14:29,627: 8
[rosout][INFO] 2024-07-19 02:14:30,627: 9
[rosout][INFO] 2024-07-19 02:14:31,626: 10
[rosout][INFO] 2024-07-19 02:14:32,626: 11
[rosout][INFO] 2024-07-19 02:14:33,626: 12
[rosout][INFO] 2024-07-19 02:14:34,627: 13
[rosout][INFO] 2024-07-19 02:14:35,627: 14
[rosout][INFO] 2024-07-19 02:14:36,628: 15
[rosout][INFO] 2024-07-19 02:14:37,627: 16
[rosout][INFO] 2024-07-19 02:14:38,627: 17
[rosout][INFO] 2024-07-19 02:14:39,627: 18
[rosout][INFO] 2024-07-19 02:14:40,627: 19
[rosout][INFO] 2024-07-19 02:14:41,627: 20
[rosout][INFO] 2024-07-19 02:14:42,627: 21
[rosout][INFO] 2024-07-19 02:14:43,627: 22
[rosout][INFO] 2024-07-19 02:14:44,641: 23
[rosout][INFO] 2024-07-19 02:14:45,627: 24
[rosout][INFO] 2024-07-19 02:14:46,627: 25
[rosout][INFO] 2024-07-19 02:14:47,626: 26
[rosout][INFO] 2024-07-19 02:14:48,625: 27
[rosout][INFO] 2024-07-19 02:14:49,626: 28
[rosout][INFO] 2024-07-19 02:14:50,626: 29
[rosout][INFO] 2024-07-19 02:14:51,626: 30
[rosout][INFO] 2024-07-19 02:14:52,626: 31
[rosout][INFO] 2024-07-19 02:14:53,626: 32
[rosout][INFO] 2024-07-19 02:14:54,626: 33
[rosout][INFO] 2024-07-19 02:14:55,626: 34
[rosout][INFO] 2024-07-19 02:14:56,626: 35
[rosout][INFO] 2024-07-19 02:14:57,626: 36
[rosout][INFO] 2024-07-19 02:14:58,626: 37
[rosout][INFO] 2024-07-19 02:14:59,626: 38
[rosout][INFO] 2024-07-19 02:15:00,626: 39
[rosout][INFO] 2024-07-19 02:15:01,626: 40
[rosout][INFO] 2024-07-19 02:15:02,626: 41
[rosout][INFO] 2024-07-19 02:15:03,626: 42
[rosout][INFO] 2024-07-19 02:15:04,626: 43
[rosout][INFO] 2024-07-19 02:15:05,626: 44
[rosout][INFO] 2024-07-19 02:15:06,626: 45
[rosout][INFO] 2024-07-19 02:15:07,626: 46
[rosout][INFO] 2024-07-19 02:15:08,626: 47
[rosout][INFO] 2024-07-19 02:15:09,626: 48
[rosout][INFO] 2024-07-19 02:15:10,627: 49
[rosout][INFO] 2024-07-19 02:15:11,626: 50
[rosout][INFO] 2024-07-19 02:15:12,626: 51
[rosout][INFO] 2024-07-19 02:15:13,625: 52
[rosout][INFO] 2024-07-19 02:15:14,626: 53
[rosout][INFO] 2024-07-19 02:15:15,627: 54
[rosout][INFO] 2024-07-19 02:15:16,627: 55
[rosout][INFO] 2024-07-19 02:15:17,626: 56
[rosout][INFO] 2024-07-19 02:15:18,627: 57
[rosout][INFO] 2024-07-19 02:15:19,627: 58
[rosout][INFO] 2024-07-19 02:15:20,627: 59
[rosout][INFO] 2024-07-19 02:15:21,627: 60
[rosout][INFO] 2024-07-19 02:15:22,627: 61
[rosout][INFO] 2024-07-19 02:15:23,627: 62
[rosout][INFO] 2024-07-19 02:15:24,627: 63
[rosout][INFO] 2024-07-19 02:15:25,626: 64
[rosout][INFO] 2024-07-19 02:15:26,627: 65
[rosout][INFO] 2024-07-19 02:15:27,627: 66
[rosout][INFO] 2024-07-19 02:15:28,626: 67
[rosout][INFO] 2024-07-19 02:15:29,627: 68
[rosout][INFO] 2024-07-19 02:15:30,627: 69
[rosout][INFO] 2024-07-19 02:15:31,627: 70
[rosout][INFO] 2024-07-19 02:15:32,626: 71
[rosout][INFO] 2024-07-19 02:15:33,626: 72
[rosout][INFO] 2024-07-19 02:15:34,626: 73
[rosout][INFO] 2024-07-19 02:15:35,626: 74
[rosout][INFO] 2024-07-19 02:15:36,626: 75
[rosout][INFO] 2024-07-19 02:15:37,626: 76
[rosout][INFO] 2024-07-19 02:15:38,627: 77
[rosout][INFO] 2024-07-19 02:15:39,627: 78
[rosout][INFO] 2024-07-19 02:15:40,626: 79
[rosout][INFO] 2024-07-19 02:15:41,629: 80
[rosout][INFO] 2024-07-19 02:15:42,627: 81
[rosout][INFO] 2024-07-19 02:15:43,627: 82
[rosout][INFO] 2024-07-19 02:15:44,627: 83
[rosout][INFO] 2024-07-19 02:15:45,628: 84
[rosout][INFO] 2024-07-19 02:15:46,626: 85
[rosout][INFO] 2024-07-19 02:15:47,626: 86
[rosout][INFO] 2024-07-19 02:15:48,627: 87
[rosout][INFO] 2024-07-19 02:15:49,627: 88
[rosout][INFO] 2024-07-19 02:15:50,626: 89
[rosout][INFO] 2024-07-19 02:15:51,627: 90
[rosout][INFO] 2024-07-19 02:15:52,626: 91
[rosout][INFO] 2024-07-19 02:15:53,627: 92
[rospy.core][INFO] 2024-07-19 02:15:53,878: signal_shutdown [signal-2]
[rospy.internal][INFO] 2024-07-19 02:15:53,884: topic[/rosout] removing connection to /rosout
[rospy.impl.masterslave][INFO] 2024-07-19 02:15:53,885: signal-2
[rospy.core][INFO] 2024-07-19 02:15:54,625: signal_shutdown [atexit]
