[rosmaster.main][INFO] 2024-07-19 02:13:32,999: initialization complete, waiting for shutdown
[rosmaster.main][INFO] 2024-07-19 02:13:32,999: Starting ROS Master Node
[xmlrpc][INFO] 2024-07-19 02:13:33,002: XML-RPC server binding to 0.0.0.0:11311
[xmlrpc][INFO] 2024-07-19 02:13:33,004: Started XML-RPC server [http://ubuntu:11311/]
[rosmaster.master][INFO] 2024-07-19 02:13:33,004: Master initialized: port[11311], uri[http://ubuntu:11311/]
[xmlrpc][INFO] 2024-07-19 02:13:33,005: xml rpc node: starting XML-RPC server
[rosmaster.master][INFO] 2024-07-19 02:13:33,106: +PARAM [/run_id] by /roslaunch
[rosmaster.master][INFO] 2024-07-19 02:13:33,107: +PARAM [/roslaunch/uris/host_ubuntu__36047] by /roslaunch
[rosmaster.master][INFO] 2024-07-19 02:13:33,199: +PARAM [/rosversion] by /roslaunch
[rosmaster.master][INFO] 2024-07-19 02:13:33,200: +PARAM [/rosdistro] by /roslaunch
[rosmaster.master][INFO] 2024-07-19 02:13:33,290: +SERVICE [/rosout/get_loggers] /rosout http://ubuntu:35783/
[rosmaster.master][INFO] 2024-07-19 02:13:33,292: +SERVICE [/rosout/set_logger_level] /rosout http://ubuntu:35783/
[rosmaster.master][INFO] 2024-07-19 02:13:33,294: +PUB [/rosout_agg] /rosout http://ubuntu:35783/
[rosmaster.master][INFO] 2024-07-19 02:13:33,301: +SUB [/rosout] /rosout http://ubuntu:35783/
[rosmaster.master][INFO] 2024-07-19 02:14:21,615: +PUB [/rosout] /messagepublisher_37588_1721380461457 http://ubuntu:43825/
[rosmaster.master][INFO] 2024-07-19 02:14:21,621: +SERVICE [/messagepublisher_37588_1721380461457/get_loggers] /messagepublisher_37588_1721380461457 http://ubuntu:43825/
[rosmaster.master][INFO] 2024-07-19 02:14:21,622: +SERVICE [/messagepublisher_37588_1721380461457/set_logger_level] /messagepublisher_37588_1721380461457 http://ubuntu:43825/
[rosmaster.master][INFO] 2024-07-19 02:14:21,624: +PUB [/information] /messagepublisher_37588_1721380461457 http://ubuntu:43825/
[rosmaster.master][INFO] 2024-07-19 02:14:21,626: +CACHEDPARAM [/rosout_disable_topics_generation] by /messagepublisher_37588_1721380461457
[rosmaster.master][INFO] 2024-07-19 02:14:21,689: publisherUpdate[/rosout] -> http://ubuntu:35783/ ['http://ubuntu:43825/']
[rosmaster.master][INFO] 2024-07-19 02:14:21,695: publisherUpdate[/rosout] -> http://ubuntu:35783/ ['http://ubuntu:43825/']: sec=0.01, result=[1, '', 0]
[rosmaster.master][INFO] 2024-07-19 02:14:21,904: +CACHEDPARAM [/rosout/omit_topics] by /rosout
[rosmaster.master][INFO] 2024-07-19 02:14:22,630: +CACHEDPARAM [/rosout_disable_topics_generation] by /messagepublisher_37588_1721380461457
[rosmaster.master][INFO] 2024-07-19 02:14:23,631: +CACHEDPARAM [/rosout_disable_topics_generation] by /messagepublisher_37588_1721380461457
[rosmaster.master][INFO] 2024-07-19 02:14:24,629: +CACHEDPARAM [/rosout_disable_topics_generation] by /messagepublisher_37588_1721380461457
[rosmaster.master][INFO] 2024-07-19 02:14:25,628: +CACHEDPARAM [/rosout_disable_topics_generation] by /messagepublisher_37588_1721380461457
[rosmaster.master][INFO] 2024-07-19 02:14:26,629: +CACHEDPARAM [/rosout_disable_topics_generation] by /messagepublisher_37588_1721380461457
[rosmaster.master][INFO] 2024-07-19 02:14:27,628: +CACHEDPARAM [/rosout_disable_topics_generation] by /messagepublisher_37588_1721380461457
[rosmaster.master][INFO] 2024-07-19 02:14:28,628: +CACHEDPARAM [/rosout_disable_topics_generation] by /messagepublisher_37588_1721380461457
[rosmaster.master][INFO] 2024-07-19 02:14:29,629: +CACHEDPARAM [/rosout_disable_topics_generation] by /messagepublisher_37588_1721380461457
[rosmaster.master][INFO] 2024-07-19 02:14:30,629: +CACHEDPARAM [/rosout_disable_topics_generation] by /messagepublisher_37588_1721380461457
[rosmaster.master][INFO] 2024-07-19 02:14:31,628: +CACHEDPARAM [/rosout_disable_topics_generation] by /messagepublisher_37588_1721380461457
[rosmaster.master][INFO] 2024-07-19 02:14:32,628: +CACHEDPARAM [/rosout_disable_topics_generation] by /messagepublisher_37588_1721380461457
[rosmaster.master][INFO] 2024-07-19 02:14:33,628: +CACHEDPARAM [/rosout_disable_topics_generation] by /messagepublisher_37588_1721380461457
[rosmaster.master][INFO] 2024-07-19 02:14:34,629: +CACHEDPARAM [/rosout_disable_topics_generation] by /messagepublisher_37588_1721380461457
[rosmaster.master][INFO] 2024-07-19 02:14:35,630: +CACHEDPARAM [/rosout_disable_topics_generation] by /messagepublisher_37588_1721380461457
[rosmaster.master][INFO] 2024-07-19 02:14:36,631: +CACHEDPARAM [/rosout_disable_topics_generation] by /messagepublisher_37588_1721380461457
[rosmaster.master][INFO] 2024-07-19 02:14:37,629: +CACHEDPARAM [/rosout_disable_topics_generation] by /messagepublisher_37588_1721380461457
[rosmaster.master][INFO] 2024-07-19 02:14:38,630: +CACHEDPARAM [/rosout_disable_topics_generation] by /messagepublisher_37588_1721380461457
[rosmaster.master][INFO] 2024-07-19 02:14:39,629: +CACHEDPARAM [/rosout_disable_topics_generation] by /messagepublisher_37588_1721380461457
[rosmaster.master][INFO] 2024-07-19 02:14:40,630: +CACHEDPARAM [/rosout_disable_topics_generation] by /messagepublisher_37588_1721380461457
[rosmaster.master][INFO] 2024-07-19 02:14:41,629: +CACHEDPARAM [/rosout_disable_topics_generation] by /messagepublisher_37588_1721380461457
[rosmaster.master][INFO] 2024-07-19 02:14:42,628: +CACHEDPARAM [/rosout_disable_topics_generation] by /messagepublisher_37588_1721380461457
[rosmaster.master][INFO] 2024-07-19 02:14:43,629: +CACHEDPARAM [/rosout_disable_topics_generation] by /messagepublisher_37588_1721380461457
[rosmaster.master][INFO] 2024-07-19 02:14:44,643: +CACHEDPARAM [/rosout_disable_topics_generation] by /messagepublisher_37588_1721380461457
[rosmaster.master][INFO] 2024-07-19 02:14:45,629: +CACHEDPARAM [/rosout_disable_topics_generation] by /messagepublisher_37588_1721380461457
[rosmaster.master][INFO] 2024-07-19 02:14:46,629: +CACHEDPARAM [/rosout_disable_topics_generation] by /messagepublisher_37588_1721380461457
[rosmaster.master][INFO] 2024-07-19 02:14:47,629: +CACHEDPARAM [/rosout_disable_topics_generation] by /messagepublisher_37588_1721380461457
[rosmaster.master][INFO] 2024-07-19 02:14:48,627: +CACHEDPARAM [/rosout_disable_topics_generation] by /messagepublisher_37588_1721380461457
[rosmaster.master][INFO] 2024-07-19 02:14:49,628: +CACHEDPARAM [/rosout_disable_topics_generation] by /messagepublisher_37588_1721380461457
[rosmaster.master][INFO] 2024-07-19 02:14:50,629: +CACHEDPARAM [/rosout_disable_topics_generation] by /messagepublisher_37588_1721380461457
[rosmaster.master][INFO] 2024-07-19 02:14:51,628: +CACHEDPARAM [/rosout_disable_topics_generation] by /messagepublisher_37588_1721380461457
[rosmaster.master][INFO] 2024-07-19 02:14:52,629: +CACHEDPARAM [/rosout_disable_topics_generation] by /messagepublisher_37588_1721380461457
[rosmaster.master][INFO] 2024-07-19 02:14:53,628: +CACHEDPARAM [/rosout_disable_topics_generation] by /messagepublisher_37588_1721380461457
[rosmaster.master][INFO] 2024-07-19 02:14:54,628: +CACHEDPARAM [/rosout_disable_topics_generation] by /messagepublisher_37588_1721380461457
[rosmaster.master][INFO] 2024-07-19 02:14:55,628: +CACHEDPARAM [/rosout_disable_topics_generation] by /messagepublisher_37588_1721380461457
[rosmaster.master][INFO] 2024-07-19 02:14:56,628: +CACHEDPARAM [/rosout_disable_topics_generation] by /messagepublisher_37588_1721380461457
[rosmaster.master][INFO] 2024-07-19 02:14:57,628: +CACHEDPARAM [/rosout_disable_topics_generation] by /messagepublisher_37588_1721380461457
[rosmaster.master][INFO] 2024-07-19 02:14:58,629: +CACHEDPARAM [/rosout_disable_topics_generation] by /messagepublisher_37588_1721380461457
[rosmaster.master][INFO] 2024-07-19 02:14:59,628: +CACHEDPARAM [/rosout_disable_topics_generation] by /messagepublisher_37588_1721380461457
[rosmaster.master][INFO] 2024-07-19 02:15:00,629: +CACHEDPARAM [/rosout_disable_topics_generation] by /messagepublisher_37588_1721380461457
[rosmaster.master][INFO] 2024-07-19 02:15:01,628: +CACHEDPARAM [/rosout_disable_topics_generation] by /messagepublisher_37588_1721380461457
[rosmaster.master][INFO] 2024-07-19 02:15:02,628: +CACHEDPARAM [/rosout_disable_topics_generation] by /messagepublisher_37588_1721380461457
[rosmaster.master][INFO] 2024-07-19 02:15:03,628: +CACHEDPARAM [/rosout_disable_topics_generation] by /messagepublisher_37588_1721380461457
[rosmaster.master][INFO] 2024-07-19 02:15:04,629: +CACHEDPARAM [/rosout_disable_topics_generation] by /messagepublisher_37588_1721380461457
[rosmaster.master][INFO] 2024-07-19 02:15:05,628: +CACHEDPARAM [/rosout_disable_topics_generation] by /messagepublisher_37588_1721380461457
[rosmaster.master][INFO] 2024-07-19 02:15:06,628: +CACHEDPARAM [/rosout_disable_topics_generation] by /messagepublisher_37588_1721380461457
[rosmaster.master][INFO] 2024-07-19 02:15:07,628: +CACHEDPARAM [/rosout_disable_topics_generation] by /messagepublisher_37588_1721380461457
[rosmaster.master][INFO] 2024-07-19 02:15:08,628: +CACHEDPARAM [/rosout_disable_topics_generation] by /messagepublisher_37588_1721380461457
[rosmaster.master][INFO] 2024-07-19 02:15:09,627: +CACHEDPARAM [/rosout_disable_topics_generation] by /messagepublisher_37588_1721380461457
[rosmaster.master][INFO] 2024-07-19 02:15:10,630: +CACHEDPARAM [/rosout_disable_topics_generation] by /messagepublisher_37588_1721380461457
[rosmaster.master][INFO] 2024-07-19 02:15:11,628: +CACHEDPARAM [/rosout_disable_topics_generation] by /messagepublisher_37588_1721380461457
[rosmaster.master][INFO] 2024-07-19 02:15:12,630: +CACHEDPARAM [/rosout_disable_topics_generation] by /messagepublisher_37588_1721380461457
[rosmaster.master][INFO] 2024-07-19 02:15:13,628: +CACHEDPARAM [/rosout_disable_topics_generation] by /messagepublisher_37588_1721380461457
[rosmaster.master][INFO] 2024-07-19 02:15:14,628: +CACHEDPARAM [/rosout_disable_topics_generation] by /messagepublisher_37588_1721380461457
[rosmaster.master][INFO] 2024-07-19 02:15:15,629: +CACHEDPARAM [/rosout_disable_topics_generation] by /messagepublisher_37588_1721380461457
[rosmaster.master][INFO] 2024-07-19 02:15:16,629: +CACHEDPARAM [/rosout_disable_topics_generation] by /messagepublisher_37588_1721380461457
[rosmaster.master][INFO] 2024-07-19 02:15:17,628: +CACHEDPARAM [/rosout_disable_topics_generation] by /messagepublisher_37588_1721380461457
[rosmaster.master][INFO] 2024-07-19 02:15:18,629: +CACHEDPARAM [/rosout_disable_topics_generation] by /messagepublisher_37588_1721380461457
[rosmaster.master][INFO] 2024-07-19 02:15:19,629: +CACHEDPARAM [/rosout_disable_topics_generation] by /messagepublisher_37588_1721380461457
[rosmaster.master][INFO] 2024-07-19 02:15:20,629: +CACHEDPARAM [/rosout_disable_topics_generation] by /messagepublisher_37588_1721380461457
[rosmaster.master][INFO] 2024-07-19 02:15:21,629: +CACHEDPARAM [/rosout_disable_topics_generation] by /messagepublisher_37588_1721380461457
[rosmaster.master][INFO] 2024-07-19 02:15:22,629: +CACHEDPARAM [/rosout_disable_topics_generation] by /messagepublisher_37588_1721380461457
[rosmaster.master][INFO] 2024-07-19 02:15:23,630: +CACHEDPARAM [/rosout_disable_topics_generation] by /messagepublisher_37588_1721380461457
[rosmaster.master][INFO] 2024-07-19 02:15:24,629: +CACHEDPARAM [/rosout_disable_topics_generation] by /messagepublisher_37588_1721380461457
[rosmaster.master][INFO] 2024-07-19 02:15:25,629: +CACHEDPARAM [/rosout_disable_topics_generation] by /messagepublisher_37588_1721380461457
[rosmaster.master][INFO] 2024-07-19 02:15:26,629: +CACHEDPARAM [/rosout_disable_topics_generation] by /messagepublisher_37588_1721380461457
[rosmaster.master][INFO] 2024-07-19 02:15:27,629: +CACHEDPARAM [/rosout_disable_topics_generation] by /messagepublisher_37588_1721380461457
[rosmaster.master][INFO] 2024-07-19 02:15:28,628: +CACHEDPARAM [/rosout_disable_topics_generation] by /messagepublisher_37588_1721380461457
[rosmaster.master][INFO] 2024-07-19 02:15:29,629: +CACHEDPARAM [/rosout_disable_topics_generation] by /messagepublisher_37588_1721380461457
[rosmaster.master][INFO] 2024-07-19 02:15:30,629: +CACHEDPARAM [/rosout_disable_topics_generation] by /messagepublisher_37588_1721380461457
[rosmaster.master][INFO] 2024-07-19 02:15:31,629: +CACHEDPARAM [/rosout_disable_topics_generation] by /messagepublisher_37588_1721380461457
[rosmaster.master][INFO] 2024-07-19 02:15:32,628: +CACHEDPARAM [/rosout_disable_topics_generation] by /messagepublisher_37588_1721380461457
[rosmaster.master][INFO] 2024-07-19 02:15:33,628: +CACHEDPARAM [/rosout_disable_topics_generation] by /messagepublisher_37588_1721380461457
[rosmaster.master][INFO] 2024-07-19 02:15:34,629: +CACHEDPARAM [/rosout_disable_topics_generation] by /messagepublisher_37588_1721380461457
[rosmaster.master][INFO] 2024-07-19 02:15:35,628: +CACHEDPARAM [/rosout_disable_topics_generation] by /messagepublisher_37588_1721380461457
[rosmaster.master][INFO] 2024-07-19 02:15:36,628: +CACHEDPARAM [/rosout_disable_topics_generation] by /messagepublisher_37588_1721380461457
[rosmaster.master][INFO] 2024-07-19 02:15:37,628: +CACHEDPARAM [/rosout_disable_topics_generation] by /messagepublisher_37588_1721380461457
[rosmaster.master][INFO] 2024-07-19 02:15:38,629: +CACHEDPARAM [/rosout_disable_topics_generation] by /messagepublisher_37588_1721380461457
[rosmaster.master][INFO] 2024-07-19 02:15:39,629: +CACHEDPARAM [/rosout_disable_topics_generation] by /messagepublisher_37588_1721380461457
[rosmaster.master][INFO] 2024-07-19 02:15:40,628: +CACHEDPARAM [/rosout_disable_topics_generation] by /messagepublisher_37588_1721380461457
[rosmaster.master][INFO] 2024-07-19 02:15:41,631: +CACHEDPARAM [/rosout_disable_topics_generation] by /messagepublisher_37588_1721380461457
[rosmaster.master][INFO] 2024-07-19 02:15:42,629: +CACHEDPARAM [/rosout_disable_topics_generation] by /messagepublisher_37588_1721380461457
[rosmaster.master][INFO] 2024-07-19 02:15:43,629: +CACHEDPARAM [/rosout_disable_topics_generation] by /messagepublisher_37588_1721380461457
[rosmaster.master][INFO] 2024-07-19 02:15:44,628: +CACHEDPARAM [/rosout_disable_topics_generation] by /messagepublisher_37588_1721380461457
[rosmaster.master][INFO] 2024-07-19 02:15:45,630: +CACHEDPARAM [/rosout_disable_topics_generation] by /messagepublisher_37588_1721380461457
[rosmaster.master][INFO] 2024-07-19 02:15:46,629: +CACHEDPARAM [/rosout_disable_topics_generation] by /messagepublisher_37588_1721380461457
[rosmaster.master][INFO] 2024-07-19 02:15:47,629: +CACHEDPARAM [/rosout_disable_topics_generation] by /messagepublisher_37588_1721380461457
[rosmaster.master][INFO] 2024-07-19 02:15:48,629: +CACHEDPARAM [/rosout_disable_topics_generation] by /messagepublisher_37588_1721380461457
[rosmaster.master][INFO] 2024-07-19 02:15:49,630: +CACHEDPARAM [/rosout_disable_topics_generation] by /messagepublisher_37588_1721380461457
[rosmaster.master][INFO] 2024-07-19 02:15:50,630: +CACHEDPARAM [/rosout_disable_topics_generation] by /messagepublisher_37588_1721380461457
[rosmaster.master][INFO] 2024-07-19 02:15:51,630: +CACHEDPARAM [/rosout_disable_topics_generation] by /messagepublisher_37588_1721380461457
[rosmaster.master][INFO] 2024-07-19 02:15:52,629: +CACHEDPARAM [/rosout_disable_topics_generation] by /messagepublisher_37588_1721380461457
[rosmaster.master][INFO] 2024-07-19 02:15:53,630: +CACHEDPARAM [/rosout_disable_topics_generation] by /messagepublisher_37588_1721380461457
[rosmaster.master][INFO] 2024-07-19 02:15:53,882: -PUB [/rosout] /messagepublisher_37588_1721380461457 http://ubuntu:43825/
[rosmaster.master][INFO] 2024-07-19 02:15:53,882: -PUB [/information] /messagepublisher_37588_1721380461457 http://ubuntu:43825/
[rosmaster.master][INFO] 2024-07-19 02:15:53,882: -SERVICE [/messagepublisher_37588_1721380461457/get_loggers] /messagepublisher_37588_1721380461457 rosrpc://ubuntu:35011
[rosmaster.master][INFO] 2024-07-19 02:15:53,883: -SERVICE [/messagepublisher_37588_1721380461457/set_logger_level] /messagepublisher_37588_1721380461457 rosrpc://ubuntu:35011
[rosmaster.master][INFO] 2024-07-19 02:15:53,896: publisherUpdate[/rosout] -> http://ubuntu:35783/ []
[rosmaster.master][INFO] 2024-07-19 02:15:53,898: publisherUpdate[/rosout] -> http://ubuntu:35783/ []: sec=0.00, result=[1, '', 0]
[rosmaster.master][INFO] 2024-07-19 02:27:04,899: -PUB [/rosout_agg] /rosout http://ubuntu:35783/
[rosmaster.master][INFO] 2024-07-19 02:27:04,900: -SUB [/rosout] /rosout http://ubuntu:35783/
[rosmaster.master][INFO] 2024-07-19 02:27:04,901: -SERVICE [/rosout/get_loggers] /rosout rosrpc://ubuntu:50997
[rosmaster.master][INFO] 2024-07-19 02:27:04,902: -SERVICE [/rosout/set_logger_level] /rosout rosrpc://ubuntu:50997
[rosmaster.master][INFO] 2024-07-19 02:27:04,903: -CACHEDPARAM [/rosout/omit_topics] by /rosout
[rosmaster.main][INFO] 2024-07-19 02:27:04,917: keyboard interrupt, will exit
[rosmaster.main][INFO] 2024-07-19 02:27:04,917: stopping master...
[rospy.core][INFO] 2024-07-19 02:27:04,917: signal_shutdown [atexit]
